{"/Users/mvanhoutte/IdeaProjects/realm-shards/src/lib/types.ts": {"path":"/Users/mvanhoutte/IdeaProjects/realm-shards/src/lib/types.ts","statementMap":{},"fnMap":{},"branchMap":{},"s":{},"f":{},"b":{},"meta":{"lastBranch":0,"lastFunction":0,"lastStatement":0,"seen":{}}}
,"/Users/mvanhoutte/IdeaProjects/realm-shards/src/lib/data/abilities.ts": {"path":"/Users/mvanhoutte/IdeaProjects/realm-shards/src/lib/data/abilities.ts","statementMap":{"0":{"start":{"line":4,"column":50},"end":{"line":127,"column":null}},"1":{"start":{"line":129,"column":26},"end":{"line":131,"column":null}},"2":{"start":{"line":130,"column":4},"end":{"line":130,"column":null}},"3":{"start":{"line":133,"column":40},"end":{"line":137,"column":null}},"4":{"start":{"line":134,"column":4},"end":{"line":136,"column":null}},"5":{"start":{"line":135,"column":19},"end":{"line":135,"column":32}},"6":{"start":{"line":136,"column":49},"end":{"line":136,"column":70}}},"fnMap":{"0":{"name":"(anonymous_0)","decl":{"start":{"line":129,"column":26},"end":{"line":129,"column":27}},"loc":{"start":{"line":129,"column":63},"end":{"line":131,"column":null}},"line":129},"1":{"name":"(anonymous_1)","decl":{"start":{"line":133,"column":40},"end":{"line":133,"column":41}},"loc":{"start":{"line":133,"column":77},"end":{"line":137,"column":null}},"line":133},"2":{"name":"(anonymous_2)","decl":{"start":{"line":135,"column":13},"end":{"line":135,"column":19}},"loc":{"start":{"line":135,"column":19},"end":{"line":135,"column":32}},"line":135},"3":{"name":"(anonymous_3)","decl":{"start":{"line":136,"column":16},"end":{"line":136,"column":17}},"loc":{"start":{"line":136,"column":49},"end":{"line":136,"column":70}},"line":136}},"branchMap":{},"s":{"0":0,"1":0,"2":0,"3":0,"4":0,"5":0,"6":0},"f":{"0":0,"1":0,"2":0,"3":0},"b":{},"meta":{"lastBranch":0,"lastFunction":4,"lastStatement":7,"seen":{"s:4:50:127:Infinity":0,"s:129:26:131:Infinity":1,"f:129:26:129:27":0,"s:130:4:130:Infinity":2,"s:133:40:137:Infinity":3,"f:133:40:133:41":1,"s:134:4:136:Infinity":4,"f:135:13:135:19":2,"s:135:19:135:32":5,"f:136:16:136:17":3,"s:136:49:136:70":6}}}
,"/Users/mvanhoutte/IdeaProjects/realm-shards/src/lib/data/characters.ts": {"path":"/Users/mvanhoutte/IdeaProjects/realm-shards/src/lib/data/characters.ts","statementMap":{"0":{"start":{"line":28,"column":53},"end":{"line":59,"column":null}}},"fnMap":{},"branchMap":{},"s":{"0":0},"f":{},"b":{},"meta":{"lastBranch":0,"lastFunction":0,"lastStatement":1,"seen":{"s:28:53:59:Infinity":0}}}
,"/Users/mvanhoutte/IdeaProjects/realm-shards/src/lib/data/creatures.ts": {"path":"/Users/mvanhoutte/IdeaProjects/realm-shards/src/lib/data/creatures.ts","statementMap":{"0":{"start":{"line":15,"column":18},"end":{"line":15,"column":null}},"1":{"start":{"line":15,"column":56},"end":{"line":15,"column":86}},"2":{"start":{"line":18,"column":22},"end":{"line":25,"column":null}},"3":{"start":{"line":28,"column":27},"end":{"line":36,"column":null}},"4":{"start":{"line":29,"column":31},"end":{"line":35,"column":10}},"5":{"start":{"line":36,"column":23},"end":{"line":36,"column":38}},"6":{"start":{"line":38,"column":4},"end":{"line":59,"column":null}},"7":{"start":{"line":63,"column":65},"end":{"line":63,"column":null}},"8":{"start":{"line":65,"column":0},"end":{"line":68,"column":null}},"9":{"start":{"line":66,"column":20},"end":{"line":66,"column":null}},"10":{"start":{"line":67,"column":4},"end":{"line":67,"column":null}},"11":{"start":{"line":70,"column":26},"end":{"line":72,"column":null}},"12":{"start":{"line":71,"column":4},"end":{"line":71,"column":null}},"13":{"start":{"line":75,"column":24},"end":{"line":75,"column":null}},"14":{"start":{"line":79,"column":30},"end":{"line":136,"column":null}},"15":{"start":{"line":80,"column":20},"end":{"line":80,"column":null}},"16":{"start":{"line":81,"column":4},"end":{"line":83,"column":null}},"17":{"start":{"line":82,"column":8},"end":{"line":82,"column":null}},"18":{"start":{"line":86,"column":18},"end":{"line":86,"column":null}},"19":{"start":{"line":87,"column":18},"end":{"line":87,"column":null}},"20":{"start":{"line":90,"column":10},"end":{"line":90,"column":null}},"21":{"start":{"line":93,"column":16},"end":{"line":93,"column":null}},"22":{"start":{"line":94,"column":27},"end":{"line":94,"column":null}},"23":{"start":{"line":97,"column":22},"end":{"line":101,"column":null}},"24":{"start":{"line":98,"column":21},"end":{"line":98,"column":37}},"25":{"start":{"line":99,"column":24},"end":{"line":99,"column":41}},"26":{"start":{"line":100,"column":18},"end":{"line":100,"column":26}},"27":{"start":{"line":101,"column":41},"end":{"line":101,"column":71}},"28":{"start":{"line":104,"column":24},"end":{"line":104,"column":null}},"29":{"start":{"line":106,"column":4},"end":{"line":106,"column":null}},"30":{"start":{"line":108,"column":31},"end":{"line":125,"column":null}},"31":{"start":{"line":128,"column":4},"end":{"line":130,"column":null}},"32":{"start":{"line":129,"column":8},"end":{"line":129,"column":null}},"33":{"start":{"line":133,"column":4},"end":{"line":133,"column":null}},"34":{"start":{"line":135,"column":4},"end":{"line":135,"column":null}},"35":{"start":{"line":140,"column":4},"end":{"line":177,"column":null}},"36":{"start":{"line":140,"column":17},"end":{"line":140,"column":20}},"37":{"start":{"line":142,"column":36},"end":{"line":142,"column":null}},"38":{"start":{"line":143,"column":8},"end":{"line":151,"column":null}},"39":{"start":{"line":144,"column":12},"end":{"line":144,"column":null}},"40":{"start":{"line":144,"column":36},"end":{"line":144,"column":null}},"41":{"start":{"line":145,"column":12},"end":{"line":145,"column":null}},"42":{"start":{"line":145,"column":62},"end":{"line":145,"column":null}},"43":{"start":{"line":147,"column":18},"end":{"line":147,"column":null}},"44":{"start":{"line":148,"column":12},"end":{"line":150,"column":null}},"45":{"start":{"line":148,"column":42},"end":{"line":148,"column":83}},"46":{"start":{"line":149,"column":16},"end":{"line":149,"column":null}},"47":{"start":{"line":153,"column":8},"end":{"line":153,"column":null}},"48":{"start":{"line":153,"column":36},"end":{"line":153,"column":null}},"49":{"start":{"line":156,"column":23},"end":{"line":156,"column":null}},"50":{"start":{"line":158,"column":8},"end":{"line":158,"column":null}},"51":{"start":{"line":159,"column":8},"end":{"line":159,"column":null}},"52":{"start":{"line":162,"column":14},"end":{"line":162,"column":null}},"53":{"start":{"line":163,"column":8},"end":{"line":169,"column":null}},"54":{"start":{"line":164,"column":12},"end":{"line":164,"column":null}},"55":{"start":{"line":165,"column":12},"end":{"line":168,"column":null}},"56":{"start":{"line":166,"column":16},"end":{"line":166,"column":null}},"57":{"start":{"line":167,"column":16},"end":{"line":167,"column":null}},"58":{"start":{"line":171,"column":8},"end":{"line":176,"column":null}},"59":{"start":{"line":172,"column":18},"end":{"line":172,"column":null}},"60":{"start":{"line":173,"column":12},"end":{"line":175,"column":null}},"61":{"start":{"line":174,"column":16},"end":{"line":174,"column":null}}},"fnMap":{"0":{"name":"convertToSpecies","decl":{"start":{"line":13,"column":9},"end":{"line":13,"column":26}},"loc":{"start":{"line":13,"column":75},"end":{"line":60,"column":null}},"line":13},"1":{"name":"(anonymous_1)","decl":{"start":{"line":15,"column":41},"end":{"line":15,"column":42}},"loc":{"start":{"line":15,"column":56},"end":{"line":15,"column":86}},"line":15},"2":{"name":"(anonymous_2)","decl":{"start":{"line":29,"column":13},"end":{"line":29,"column":14}},"loc":{"start":{"line":29,"column":31},"end":{"line":35,"column":10}},"line":29},"3":{"name":"(anonymous_3)","decl":{"start":{"line":36,"column":16},"end":{"line":36,"column":17}},"loc":{"start":{"line":36,"column":23},"end":{"line":36,"column":38}},"line":36},"4":{"name":"(anonymous_4)","decl":{"start":{"line":65,"column":32},"end":{"line":65,"column":41}},"loc":{"start":{"line":65,"column":41},"end":{"line":68,"column":1}},"line":65},"5":{"name":"(anonymous_5)","decl":{"start":{"line":70,"column":26},"end":{"line":70,"column":27}},"loc":{"start":{"line":70,"column":71},"end":{"line":72,"column":null}},"line":70},"6":{"name":"(anonymous_6)","decl":{"start":{"line":79,"column":30},"end":{"line":79,"column":31}},"loc":{"start":{"line":79,"column":106},"end":{"line":136,"column":null}},"line":79},"7":{"name":"(anonymous_7)","decl":{"start":{"line":98,"column":16},"end":{"line":98,"column":21}},"loc":{"start":{"line":98,"column":21},"end":{"line":98,"column":37}},"line":98},"8":{"name":"(anonymous_8)","decl":{"start":{"line":99,"column":14},"end":{"line":99,"column":15}},"loc":{"start":{"line":99,"column":24},"end":{"line":99,"column":41}},"line":99},"9":{"name":"(anonymous_9)","decl":{"start":{"line":100,"column":13},"end":{"line":100,"column":18}},"loc":{"start":{"line":100,"column":18},"end":{"line":100,"column":26}},"line":100},"10":{"name":"(anonymous_10)","decl":{"start":{"line":101,"column":16},"end":{"line":101,"column":17}},"loc":{"start":{"line":101,"column":41},"end":{"line":101,"column":71}},"line":101},"11":{"name":"allocateRandomNodes","decl":{"start":{"line":139,"column":9},"end":{"line":139,"column":29}},"loc":{"start":{"line":139,"column":97},"end":{"line":178,"column":null}},"line":139},"12":{"name":"(anonymous_12)","decl":{"start":{"line":148,"column":35},"end":{"line":148,"column":42}},"loc":{"start":{"line":148,"column":42},"end":{"line":148,"column":83}},"line":148}},"branchMap":{"0":{"loc":{"start":{"line":79,"column":50},"end":{"line":79,"column":69}},"type":"default-arg","locations":[{"start":{"line":79,"column":66},"end":{"line":79,"column":69}}],"line":79},"1":{"loc":{"start":{"line":79,"column":69},"end":{"line":79,"column":106}},"type":"default-arg","locations":[{"start":{"line":79,"column":87},"end":{"line":79,"column":106}}],"line":79},"2":{"loc":{"start":{"line":81,"column":4},"end":{"line":83,"column":null}},"type":"if","locations":[{"start":{"line":81,"column":4},"end":{"line":83,"column":null}},{"start":{},"end":{}}],"line":81},"3":{"loc":{"start":{"line":93,"column":38},"end":{"line":93,"column":65}},"type":"binary-expr","locations":[{"start":{"line":93,"column":38},"end":{"line":93,"column":62}},{"start":{"line":93,"column":62},"end":{"line":93,"column":65}}],"line":93},"4":{"loc":{"start":{"line":94,"column":49},"end":{"line":94,"column":76}},"type":"binary-expr","locations":[{"start":{"line":94,"column":49},"end":{"line":94,"column":73}},{"start":{"line":94,"column":73},"end":{"line":94,"column":76}}],"line":94},"5":{"loc":{"start":{"line":128,"column":4},"end":{"line":130,"column":null}},"type":"if","locations":[{"start":{"line":128,"column":4},"end":{"line":130,"column":null}},{"start":{},"end":{}}],"line":128},"6":{"loc":{"start":{"line":128,"column":8},"end":{"line":128,"column":35}},"type":"binary-expr","locations":[{"start":{"line":128,"column":8},"end":{"line":128,"column":18}},{"start":{"line":128,"column":18},"end":{"line":128,"column":35}}],"line":128},"7":{"loc":{"start":{"line":140,"column":20},"end":{"line":140,"column":60}},"type":"binary-expr","locations":[{"start":{"line":140,"column":20},"end":{"line":140,"column":34}},{"start":{"line":140,"column":34},"end":{"line":140,"column":60}}],"line":140},"8":{"loc":{"start":{"line":144,"column":12},"end":{"line":144,"column":null}},"type":"if","locations":[{"start":{"line":144,"column":12},"end":{"line":144,"column":null}},{"start":{},"end":{}}],"line":144},"9":{"loc":{"start":{"line":145,"column":12},"end":{"line":145,"column":null}},"type":"if","locations":[{"start":{"line":145,"column":12},"end":{"line":145,"column":null}},{"start":{},"end":{}}],"line":145},"10":{"loc":{"start":{"line":148,"column":12},"end":{"line":150,"column":null}},"type":"if","locations":[{"start":{"line":148,"column":12},"end":{"line":150,"column":null}},{"start":{},"end":{}}],"line":148},"11":{"loc":{"start":{"line":153,"column":8},"end":{"line":153,"column":null}},"type":"if","locations":[{"start":{"line":153,"column":8},"end":{"line":153,"column":null}},{"start":{},"end":{}}],"line":153},"12":{"loc":{"start":{"line":163,"column":8},"end":{"line":169,"column":null}},"type":"if","locations":[{"start":{"line":163,"column":8},"end":{"line":169,"column":null}},{"start":{},"end":{}}],"line":163},"13":{"loc":{"start":{"line":163,"column":12},"end":{"line":163,"column":69}},"type":"binary-expr","locations":[{"start":{"line":163,"column":12},"end":{"line":163,"column":20}},{"start":{"line":163,"column":20},"end":{"line":163,"column":44}},{"start":{"line":163,"column":44},"end":{"line":163,"column":57}},{"start":{"line":163,"column":57},"end":{"line":163,"column":69}}],"line":163},"14":{"loc":{"start":{"line":165,"column":12},"end":{"line":168,"column":null}},"type":"if","locations":[{"start":{"line":165,"column":12},"end":{"line":168,"column":null}},{"start":{},"end":{}}],"line":165},"15":{"loc":{"start":{"line":171,"column":8},"end":{"line":176,"column":null}},"type":"if","locations":[{"start":{"line":171,"column":8},"end":{"line":176,"column":null}},{"start":{},"end":{}}],"line":171},"16":{"loc":{"start":{"line":171,"column":12},"end":{"line":171,"column":73}},"type":"binary-expr","locations":[{"start":{"line":171,"column":12},"end":{"line":171,"column":20}},{"start":{"line":171,"column":20},"end":{"line":171,"column":44}},{"start":{"line":171,"column":44},"end":{"line":171,"column":73}}],"line":171},"17":{"loc":{"start":{"line":173,"column":12},"end":{"line":175,"column":null}},"type":"if","locations":[{"start":{"line":173,"column":12},"end":{"line":175,"column":null}},{"start":{},"end":{}}],"line":173},"18":{"loc":{"start":{"line":173,"column":16},"end":{"line":173,"column":100}},"type":"binary-expr","locations":[{"start":{"line":173,"column":16},"end":{"line":173,"column":28}},{"start":{"line":173,"column":28},"end":{"line":173,"column":73}},{"start":{"line":173,"column":73},"end":{"line":173,"column":100}}],"line":173}},"s":{"0":240,"1":402,"2":240,"3":240,"4":5280,"5":5280,"6":240,"7":1,"8":1,"9":240,"10":240,"11":1,"12":0,"13":1,"14":1,"15":0,"16":0,"17":0,"18":0,"19":0,"20":0,"21":0,"22":0,"23":0,"24":0,"25":0,"26":0,"27":0,"28":0,"29":0,"30":0,"31":0,"32":0,"33":0,"34":0,"35":0,"36":0,"37":0,"38":0,"39":0,"40":0,"41":0,"42":0,"43":0,"44":0,"45":0,"46":0,"47":0,"48":0,"49":0,"50":0,"51":0,"52":0,"53":0,"54":0,"55":0,"56":0,"57":0,"58":0,"59":0,"60":0,"61":0},"f":{"0":240,"1":402,"2":5280,"3":5280,"4":240,"5":0,"6":0,"7":0,"8":0,"9":0,"10":0,"11":0,"12":0},"b":{"0":[0],"1":[0],"2":[0,0],"3":[0,0],"4":[0,0],"5":[0,0],"6":[0,0],"7":[0,0],"8":[0,0],"9":[0,0],"10":[0,0],"11":[0,0],"12":[0,0],"13":[0,0,0,0],"14":[0,0],"15":[0,0],"16":[0,0,0],"17":[0,0],"18":[0,0,0]},"meta":{"lastBranch":19,"lastFunction":13,"lastStatement":62,"seen":{"f:13:9:13:26":0,"s:15:18:15:Infinity":0,"f:15:41:15:42":1,"s:15:56:15:86":1,"s:18:22:25:Infinity":2,"s:28:27:36:Infinity":3,"f:29:13:29:14":2,"s:29:31:35:10":4,"f:36:16:36:17":3,"s:36:23:36:38":5,"s:38:4:59:Infinity":6,"s:63:65:63:Infinity":7,"s:65:0:68:Infinity":8,"f:65:32:65:41":4,"s:66:20:66:Infinity":9,"s:67:4:67:Infinity":10,"s:70:26:72:Infinity":11,"f:70:26:70:27":5,"s:71:4:71:Infinity":12,"s:75:24:75:Infinity":13,"s:79:30:136:Infinity":14,"f:79:30:79:31":6,"b:79:66:79:69":0,"b:79:87:79:106":1,"s:80:20:80:Infinity":15,"b:81:4:83:Infinity:undefined:undefined:undefined:undefined":2,"s:81:4:83:Infinity":16,"s:82:8:82:Infinity":17,"s:86:18:86:Infinity":18,"s:87:18:87:Infinity":19,"s:90:10:90:Infinity":20,"s:93:16:93:Infinity":21,"b:93:38:93:62:93:62:93:65":3,"s:94:27:94:Infinity":22,"b:94:49:94:73:94:73:94:76":4,"s:97:22:101:Infinity":23,"f:98:16:98:21":7,"s:98:21:98:37":24,"f:99:14:99:15":8,"s:99:24:99:41":25,"f:100:13:100:18":9,"s:100:18:100:26":26,"f:101:16:101:17":10,"s:101:41:101:71":27,"s:104:24:104:Infinity":28,"s:106:4:106:Infinity":29,"s:108:31:125:Infinity":30,"b:128:4:130:Infinity:undefined:undefined:undefined:undefined":5,"s:128:4:130:Infinity":31,"b:128:8:128:18:128:18:128:35":6,"s:129:8:129:Infinity":32,"s:133:4:133:Infinity":33,"s:135:4:135:Infinity":34,"f:139:9:139:29":11,"s:140:4:177:Infinity":35,"s:140:17:140:20":36,"b:140:20:140:34:140:34:140:60":7,"s:142:36:142:Infinity":37,"s:143:8:151:Infinity":38,"b:144:12:144:Infinity:undefined:undefined:undefined:undefined":8,"s:144:12:144:Infinity":39,"s:144:36:144:Infinity":40,"b:145:12:145:Infinity:undefined:undefined:undefined:undefined":9,"s:145:12:145:Infinity":41,"s:145:62:145:Infinity":42,"s:147:18:147:Infinity":43,"b:148:12:150:Infinity:undefined:undefined:undefined:undefined":10,"s:148:12:150:Infinity":44,"f:148:35:148:42":12,"s:148:42:148:83":45,"s:149:16:149:Infinity":46,"b:153:8:153:Infinity:undefined:undefined:undefined:undefined":11,"s:153:8:153:Infinity":47,"s:153:36:153:Infinity":48,"s:156:23:156:Infinity":49,"s:158:8:158:Infinity":50,"s:159:8:159:Infinity":51,"s:162:14:162:Infinity":52,"b:163:8:169:Infinity:undefined:undefined:undefined:undefined":12,"s:163:8:169:Infinity":53,"b:163:12:163:20:163:20:163:44:163:44:163:57:163:57:163:69":13,"s:164:12:164:Infinity":54,"b:165:12:168:Infinity:undefined:undefined:undefined:undefined":14,"s:165:12:168:Infinity":55,"s:166:16:166:Infinity":56,"s:167:16:167:Infinity":57,"b:171:8:176:Infinity:undefined:undefined:undefined:undefined":15,"s:171:8:176:Infinity":58,"b:171:12:171:20:171:20:171:44:171:44:171:73":16,"s:172:18:172:Infinity":59,"b:173:12:175:Infinity:undefined:undefined:undefined:undefined":17,"s:173:12:175:Infinity":60,"b:173:16:173:28:173:28:173:73:173:73:173:100":18,"s:174:16:174:Infinity":61}}}
,"/Users/mvanhoutte/IdeaProjects/realm-shards/src/lib/data/effects.ts": {"path":"/Users/mvanhoutte/IdeaProjects/realm-shards/src/lib/data/effects.ts","statementMap":{"0":{"start":{"line":32,"column":53},"end":{"line":40,"column":null}},"1":{"start":{"line":45,"column":25},"end":{"line":45,"column":null}},"2":{"start":{"line":46,"column":4},"end":{"line":48,"column":null}},"3":{"start":{"line":47,"column":8},"end":{"line":47,"column":null}},"4":{"start":{"line":49,"column":4},"end":{"line":49,"column":null}},"5":{"start":{"line":54,"column":25},"end":{"line":54,"column":null}},"6":{"start":{"line":55,"column":4},"end":{"line":57,"column":null}},"7":{"start":{"line":56,"column":8},"end":{"line":56,"column":null}},"8":{"start":{"line":58,"column":4},"end":{"line":58,"column":null}},"9":{"start":{"line":86,"column":59},"end":{"line":97,"column":null}},"10":{"start":{"line":99,"column":47},"end":{"line":106,"column":null}},"11":{"start":{"line":113,"column":40},"end":{"line":113,"column":null}},"12":{"start":{"line":115,"column":4},"end":{"line":115,"column":null}},"13":{"start":{"line":115,"column":21},"end":{"line":115,"column":null}},"14":{"start":{"line":117,"column":17},"end":{"line":117,"column":null}},"15":{"start":{"line":125,"column":31},"end":{"line":130,"column":null}},"16":{"start":{"line":132,"column":4},"end":{"line":156,"column":null}},"17":{"start":{"line":134,"column":8},"end":{"line":155,"column":null}},"18":{"start":{"line":135,"column":12},"end":{"line":154,"column":null}},"19":{"start":{"line":136,"column":31},"end":{"line":136,"column":null}},"20":{"start":{"line":137,"column":34},"end":{"line":137,"column":null}},"21":{"start":{"line":138,"column":35},"end":{"line":138,"column":null}},"22":{"start":{"line":139,"column":33},"end":{"line":139,"column":null}},"23":{"start":{"line":140,"column":34},"end":{"line":140,"column":null}},"24":{"start":{"line":142,"column":29},"end":{"line":142,"column":null}},"25":{"start":{"line":143,"column":31},"end":{"line":143,"column":null}},"26":{"start":{"line":145,"column":16},"end":{"line":153,"column":null}},"27":{"start":{"line":146,"column":20},"end":{"line":152,"column":null}},"28":{"start":{"line":159,"column":105},"end":{"line":167,"column":null}},"29":{"start":{"line":169,"column":4},"end":{"line":183,"column":null}},"30":{"start":{"line":170,"column":22},"end":{"line":170,"column":null}},"31":{"start":{"line":171,"column":8},"end":{"line":182,"column":null}},"32":{"start":{"line":173,"column":33},"end":{"line":173,"column":null}},"33":{"start":{"line":174,"column":27},"end":{"line":174,"column":null}},"34":{"start":{"line":176,"column":12},"end":{"line":181,"column":null}},"35":{"start":{"line":186,"column":22},"end":{"line":186,"column":null}},"36":{"start":{"line":187,"column":4},"end":{"line":194,"column":null}},"37":{"start":{"line":188,"column":8},"end":{"line":193,"column":null}},"38":{"start":{"line":197,"column":23},"end":{"line":197,"column":null}},"39":{"start":{"line":198,"column":4},"end":{"line":205,"column":null}},"40":{"start":{"line":199,"column":8},"end":{"line":204,"column":null}},"41":{"start":{"line":208,"column":24},"end":{"line":208,"column":null}},"42":{"start":{"line":209,"column":4},"end":{"line":216,"column":null}},"43":{"start":{"line":210,"column":8},"end":{"line":215,"column":null}},"44":{"start":{"line":218,"column":4},"end":{"line":218,"column":null}},"45":{"start":{"line":228,"column":21},"end":{"line":228,"column":null}},"46":{"start":{"line":229,"column":21},"end":{"line":229,"column":null}},"47":{"start":{"line":230,"column":20},"end":{"line":230,"column":null}},"48":{"start":{"line":232,"column":4},"end":{"line":232,"column":null}},"49":{"start":{"line":234,"column":18},"end":{"line":234,"column":null}},"50":{"start":{"line":235,"column":4},"end":{"line":249,"column":null}},"51":{"start":{"line":236,"column":8},"end":{"line":236,"column":null}},"52":{"start":{"line":237,"column":4},"end":{"line":249,"column":null}},"53":{"start":{"line":238,"column":8},"end":{"line":238,"column":null}},"54":{"start":{"line":239,"column":4},"end":{"line":249,"column":null}},"55":{"start":{"line":240,"column":8},"end":{"line":240,"column":null}},"56":{"start":{"line":241,"column":4},"end":{"line":249,"column":null}},"57":{"start":{"line":242,"column":8},"end":{"line":242,"column":null}},"58":{"start":{"line":243,"column":4},"end":{"line":249,"column":null}},"59":{"start":{"line":244,"column":8},"end":{"line":244,"column":null}},"60":{"start":{"line":245,"column":4},"end":{"line":249,"column":null}},"61":{"start":{"line":246,"column":8},"end":{"line":246,"column":null}},"62":{"start":{"line":247,"column":4},"end":{"line":249,"column":null}},"63":{"start":{"line":248,"column":8},"end":{"line":248,"column":null}},"64":{"start":{"line":251,"column":4},"end":{"line":251,"column":null}},"65":{"start":{"line":255,"column":4},"end":{"line":255,"column":null}},"66":{"start":{"line":259,"column":4},"end":{"line":277,"column":null}},"67":{"start":{"line":262,"column":12},"end":{"line":262,"column":null}},"68":{"start":{"line":264,"column":12},"end":{"line":264,"column":null}},"69":{"start":{"line":266,"column":12},"end":{"line":266,"column":null}},"70":{"start":{"line":268,"column":12},"end":{"line":268,"column":null}},"71":{"start":{"line":270,"column":12},"end":{"line":270,"column":null}},"72":{"start":{"line":272,"column":12},"end":{"line":272,"column":null}},"73":{"start":{"line":274,"column":12},"end":{"line":274,"column":null}},"74":{"start":{"line":276,"column":12},"end":{"line":276,"column":null}},"75":{"start":{"line":281,"column":4},"end":{"line":291,"column":null}},"76":{"start":{"line":282,"column":23},"end":{"line":282,"column":null}},"77":{"start":{"line":283,"column":31},"end":{"line":283,"column":null}},"78":{"start":{"line":284,"column":21},"end":{"line":284,"column":null}},"79":{"start":{"line":285,"column":26},"end":{"line":285,"column":null}},"80":{"start":{"line":286,"column":22},"end":{"line":286,"column":null}},"81":{"start":{"line":287,"column":23},"end":{"line":287,"column":null}},"82":{"start":{"line":288,"column":26},"end":{"line":288,"column":null}},"83":{"start":{"line":289,"column":23},"end":{"line":289,"column":null}},"84":{"start":{"line":290,"column":17},"end":{"line":290,"column":null}},"85":{"start":{"line":307,"column":4},"end":{"line":326,"column":null}},"86":{"start":{"line":309,"column":12},"end":{"line":312,"column":null}},"87":{"start":{"line":314,"column":28},"end":{"line":314,"column":null}},"88":{"start":{"line":315,"column":12},"end":{"line":318,"column":null}},"89":{"start":{"line":320,"column":12},"end":{"line":323,"column":null}},"90":{"start":{"line":325,"column":12},"end":{"line":325,"column":null}},"91":{"start":{"line":331,"column":4},"end":{"line":331,"column":null}},"92":{"start":{"line":336,"column":4},"end":{"line":336,"column":null}},"93":{"start":{"line":336,"column":29},"end":{"line":336,"column":null}},"94":{"start":{"line":337,"column":4},"end":{"line":337,"column":null}},"95":{"start":{"line":342,"column":4},"end":{"line":342,"column":null}},"96":{"start":{"line":347,"column":4},"end":{"line":347,"column":null}},"97":{"start":{"line":352,"column":4},"end":{"line":352,"column":null}},"98":{"start":{"line":357,"column":4},"end":{"line":365,"column":null}},"99":{"start":{"line":358,"column":20},"end":{"line":358,"column":null}},"100":{"start":{"line":359,"column":20},"end":{"line":359,"column":null}},"101":{"start":{"line":360,"column":22},"end":{"line":360,"column":null}},"102":{"start":{"line":361,"column":22},"end":{"line":361,"column":null}},"103":{"start":{"line":362,"column":22},"end":{"line":362,"column":null}},"104":{"start":{"line":363,"column":25},"end":{"line":363,"column":null}},"105":{"start":{"line":364,"column":24},"end":{"line":364,"column":null}}},"fnMap":{"0":{"name":"getStatStageMultiplier","decl":{"start":{"line":44,"column":16},"end":{"line":44,"column":39}},"loc":{"start":{"line":44,"column":62},"end":{"line":50,"column":null}},"line":44},"1":{"name":"getAccuracyStageMultiplier","decl":{"start":{"line":53,"column":16},"end":{"line":53,"column":43}},"loc":{"start":{"line":53,"column":66},"end":{"line":59,"column":null}},"line":53},"2":{"name":"parseEffectDescription","decl":{"start":{"line":108,"column":16},"end":{"line":108,"column":null}},"loc":{"start":{"line":112,"column":22},"end":{"line":219,"column":null}},"line":112},"3":{"name":"applyStatModifier","decl":{"start":{"line":223,"column":16},"end":{"line":223,"column":null}},"loc":{"start":{"line":227,"column":59},"end":{"line":252,"column":null}},"line":227},"4":{"name":"canApplyMajorStatus","decl":{"start":{"line":254,"column":16},"end":{"line":254,"column":36}},"loc":{"start":{"line":254,"column":94},"end":{"line":256,"column":null}},"line":254},"5":{"name":"getStatusEmoji","decl":{"start":{"line":258,"column":16},"end":{"line":258,"column":31}},"loc":{"start":{"line":258,"column":89},"end":{"line":278,"column":null}},"line":258},"6":{"name":"getStatusName","decl":{"start":{"line":280,"column":16},"end":{"line":280,"column":30}},"loc":{"start":{"line":280,"column":88},"end":{"line":292,"column":null}},"line":280},"7":{"name":"processStatusDamage","decl":{"start":{"line":302,"column":16},"end":{"line":302,"column":null}},"loc":{"start":{"line":306,"column":22},"end":{"line":327,"column":null}},"line":306},"8":{"name":"checkParalysis","decl":{"start":{"line":329,"column":16},"end":{"line":329,"column":42}},"loc":{"start":{"line":329,"column":42},"end":{"line":332,"column":null}},"line":329},"9":{"name":"checkFreezeThaw","decl":{"start":{"line":334,"column":16},"end":{"line":334,"column":32}},"loc":{"start":{"line":334,"column":65},"end":{"line":338,"column":null}},"line":334},"10":{"name":"checkSleepWake","decl":{"start":{"line":340,"column":16},"end":{"line":340,"column":31}},"loc":{"start":{"line":340,"column":60},"end":{"line":343,"column":null}},"line":340},"11":{"name":"checkConfusionEnd","decl":{"start":{"line":345,"column":16},"end":{"line":345,"column":34}},"loc":{"start":{"line":345,"column":67},"end":{"line":348,"column":null}},"line":345},"12":{"name":"checkConfusionSelfHit","decl":{"start":{"line":350,"column":16},"end":{"line":350,"column":49}},"loc":{"start":{"line":350,"column":49},"end":{"line":353,"column":null}},"line":350},"13":{"name":"getStatDisplayName","decl":{"start":{"line":356,"column":16},"end":{"line":356,"column":35}},"loc":{"start":{"line":356,"column":70},"end":{"line":366,"column":null}},"line":356}},"branchMap":{"0":{"loc":{"start":{"line":46,"column":4},"end":{"line":48,"column":null}},"type":"if","locations":[{"start":{"line":46,"column":4},"end":{"line":48,"column":null}},{"start":{},"end":{}}],"line":46},"1":{"loc":{"start":{"line":55,"column":4},"end":{"line":57,"column":null}},"type":"if","locations":[{"start":{"line":55,"column":4},"end":{"line":57,"column":null}},{"start":{},"end":{}}],"line":55},"2":{"loc":{"start":{"line":110,"column":4},"end":{"line":110,"column":null}},"type":"default-arg","locations":[{"start":{"line":110,"column":27},"end":{"line":110,"column":null}}],"line":110},"3":{"loc":{"start":{"line":111,"column":4},"end":{"line":111,"column":null}},"type":"default-arg","locations":[{"start":{"line":111,"column":25},"end":{"line":111,"column":null}}],"line":111},"4":{"loc":{"start":{"line":115,"column":4},"end":{"line":115,"column":null}},"type":"if","locations":[{"start":{"line":115,"column":4},"end":{"line":115,"column":null}},{"start":{},"end":{}}],"line":115},"5":{"loc":{"start":{"line":135,"column":12},"end":{"line":154,"column":null}},"type":"if","locations":[{"start":{"line":135,"column":12},"end":{"line":154,"column":null}},{"start":{},"end":{}}],"line":135},"6":{"loc":{"start":{"line":136,"column":31},"end":{"line":136,"column":null}},"type":"cond-expr","locations":[{"start":{"line":136,"column":42},"end":{"line":136,"column":63}},{"start":{"line":136,"column":63},"end":{"line":136,"column":null}}],"line":136},"7":{"loc":{"start":{"line":137,"column":34},"end":{"line":137,"column":null}},"type":"cond-expr","locations":[{"start":{"line":137,"column":77},"end":{"line":137,"column":81}},{"start":{"line":137,"column":81},"end":{"line":137,"column":null}}],"line":137},"8":{"loc":{"start":{"line":138,"column":35},"end":{"line":138,"column":null}},"type":"cond-expr","locations":[{"start":{"line":138,"column":78},"end":{"line":138,"column":87}},{"start":{"line":138,"column":87},"end":{"line":138,"column":null}}],"line":138},"9":{"loc":{"start":{"line":140,"column":34},"end":{"line":140,"column":null}},"type":"binary-expr","locations":[{"start":{"line":140,"column":34},"end":{"line":140,"column":61}},{"start":{"line":140,"column":61},"end":{"line":140,"column":null}}],"line":140},"10":{"loc":{"start":{"line":143,"column":31},"end":{"line":143,"column":null}},"type":"binary-expr","locations":[{"start":{"line":143,"column":31},"end":{"line":143,"column":60}},{"start":{"line":143,"column":60},"end":{"line":143,"column":null}}],"line":143},"11":{"loc":{"start":{"line":145,"column":16},"end":{"line":153,"column":null}},"type":"if","locations":[{"start":{"line":145,"column":16},"end":{"line":153,"column":null}},{"start":{},"end":{}}],"line":145},"12":{"loc":{"start":{"line":171,"column":8},"end":{"line":182,"column":null}},"type":"if","locations":[{"start":{"line":171,"column":8},"end":{"line":182,"column":null}},{"start":{},"end":{}}],"line":171},"13":{"loc":{"start":{"line":173,"column":33},"end":{"line":173,"column":null}},"type":"cond-expr","locations":[{"start":{"line":173,"column":65},"end":{"line":173,"column":84}},{"start":{"line":173,"column":84},"end":{"line":173,"column":null}}],"line":173},"14":{"loc":{"start":{"line":174,"column":27},"end":{"line":174,"column":null}},"type":"cond-expr","locations":[{"start":{"line":174,"column":38},"end":{"line":174,"column":60}},{"start":{"line":174,"column":60},"end":{"line":174,"column":null}}],"line":174},"15":{"loc":{"start":{"line":174,"column":60},"end":{"line":174,"column":null}},"type":"cond-expr","locations":[{"start":{"line":174,"column":86},"end":{"line":174,"column":101}},{"start":{"line":174,"column":101},"end":{"line":174,"column":null}}],"line":174},"16":{"loc":{"start":{"line":180,"column":24},"end":{"line":180,"column":null}},"type":"cond-expr","locations":[{"start":{"line":180,"column":48},"end":{"line":180,"column":57}},{"start":{"line":180,"column":57},"end":{"line":180,"column":null}}],"line":180},"17":{"loc":{"start":{"line":187,"column":4},"end":{"line":194,"column":null}},"type":"if","locations":[{"start":{"line":187,"column":4},"end":{"line":194,"column":null}},{"start":{},"end":{}}],"line":187},"18":{"loc":{"start":{"line":190,"column":25},"end":{"line":190,"column":null}},"type":"cond-expr","locations":[{"start":{"line":190,"column":40},"end":{"line":190,"column":65}},{"start":{"line":190,"column":65},"end":{"line":190,"column":null}}],"line":190},"19":{"loc":{"start":{"line":198,"column":4},"end":{"line":205,"column":null}},"type":"if","locations":[{"start":{"line":198,"column":4},"end":{"line":205,"column":null}},{"start":{},"end":{}}],"line":198},"20":{"loc":{"start":{"line":201,"column":26},"end":{"line":201,"column":null}},"type":"cond-expr","locations":[{"start":{"line":201,"column":42},"end":{"line":201,"column":68}},{"start":{"line":201,"column":68},"end":{"line":201,"column":null}}],"line":201},"21":{"loc":{"start":{"line":209,"column":4},"end":{"line":216,"column":null}},"type":"if","locations":[{"start":{"line":209,"column":4},"end":{"line":216,"column":null}},{"start":{},"end":{}}],"line":209},"22":{"loc":{"start":{"line":212,"column":27},"end":{"line":212,"column":null}},"type":"cond-expr","locations":[{"start":{"line":212,"column":44},"end":{"line":212,"column":71}},{"start":{"line":212,"column":71},"end":{"line":212,"column":null}}],"line":212},"23":{"loc":{"start":{"line":235,"column":4},"end":{"line":249,"column":null}},"type":"if","locations":[{"start":{"line":235,"column":4},"end":{"line":249,"column":null}},{"start":{"line":237,"column":4},"end":{"line":249,"column":null}}],"line":235},"24":{"loc":{"start":{"line":236,"column":18},"end":{"line":236,"column":null}},"type":"cond-expr","locations":[{"start":{"line":236,"column":31},"end":{"line":236,"column":56}},{"start":{"line":236,"column":56},"end":{"line":236,"column":null}}],"line":236},"25":{"loc":{"start":{"line":237,"column":4},"end":{"line":249,"column":null}},"type":"if","locations":[{"start":{"line":237,"column":4},"end":{"line":249,"column":null}},{"start":{"line":239,"column":4},"end":{"line":249,"column":null}}],"line":237},"26":{"loc":{"start":{"line":239,"column":4},"end":{"line":249,"column":null}},"type":"if","locations":[{"start":{"line":239,"column":4},"end":{"line":249,"column":null}},{"start":{"line":241,"column":4},"end":{"line":249,"column":null}}],"line":239},"27":{"loc":{"start":{"line":241,"column":4},"end":{"line":249,"column":null}},"type":"if","locations":[{"start":{"line":241,"column":4},"end":{"line":249,"column":null}},{"start":{"line":243,"column":4},"end":{"line":249,"column":null}}],"line":241},"28":{"loc":{"start":{"line":243,"column":4},"end":{"line":249,"column":null}},"type":"if","locations":[{"start":{"line":243,"column":4},"end":{"line":249,"column":null}},{"start":{"line":245,"column":4},"end":{"line":249,"column":null}}],"line":243},"29":{"loc":{"start":{"line":245,"column":4},"end":{"line":249,"column":null}},"type":"if","locations":[{"start":{"line":245,"column":4},"end":{"line":249,"column":null}},{"start":{"line":247,"column":4},"end":{"line":249,"column":null}}],"line":245},"30":{"loc":{"start":{"line":247,"column":4},"end":{"line":249,"column":null}},"type":"if","locations":[{"start":{"line":247,"column":4},"end":{"line":249,"column":null}},{"start":{},"end":{}}],"line":247},"31":{"loc":{"start":{"line":259,"column":4},"end":{"line":277,"column":null}},"type":"switch","locations":[{"start":{"line":260,"column":8},"end":{"line":260,"column":null}},{"start":{"line":261,"column":8},"end":{"line":262,"column":null}},{"start":{"line":263,"column":8},"end":{"line":264,"column":null}},{"start":{"line":265,"column":8},"end":{"line":266,"column":null}},{"start":{"line":267,"column":8},"end":{"line":268,"column":null}},{"start":{"line":269,"column":8},"end":{"line":270,"column":null}},{"start":{"line":271,"column":8},"end":{"line":272,"column":null}},{"start":{"line":273,"column":8},"end":{"line":274,"column":null}},{"start":{"line":275,"column":8},"end":{"line":276,"column":null}}],"line":259},"32":{"loc":{"start":{"line":281,"column":4},"end":{"line":291,"column":null}},"type":"switch","locations":[{"start":{"line":282,"column":8},"end":{"line":282,"column":null}},{"start":{"line":283,"column":8},"end":{"line":283,"column":null}},{"start":{"line":284,"column":8},"end":{"line":284,"column":null}},{"start":{"line":285,"column":8},"end":{"line":285,"column":null}},{"start":{"line":286,"column":8},"end":{"line":286,"column":null}},{"start":{"line":287,"column":8},"end":{"line":287,"column":null}},{"start":{"line":288,"column":8},"end":{"line":288,"column":null}},{"start":{"line":289,"column":8},"end":{"line":289,"column":null}},{"start":{"line":290,"column":8},"end":{"line":290,"column":null}}],"line":281},"33":{"loc":{"start":{"line":307,"column":4},"end":{"line":326,"column":null}},"type":"switch","locations":[{"start":{"line":308,"column":8},"end":{"line":312,"column":null}},{"start":{"line":313,"column":8},"end":{"line":318,"column":null}},{"start":{"line":319,"column":8},"end":{"line":323,"column":null}},{"start":{"line":324,"column":8},"end":{"line":325,"column":null}}],"line":307},"34":{"loc":{"start":{"line":314,"column":28},"end":{"line":314,"column":null}},"type":"binary-expr","locations":[{"start":{"line":314,"column":28},"end":{"line":314,"column":44}},{"start":{"line":314,"column":44},"end":{"line":314,"column":null}}],"line":314},"35":{"loc":{"start":{"line":336,"column":4},"end":{"line":336,"column":null}},"type":"if","locations":[{"start":{"line":336,"column":4},"end":{"line":336,"column":null}},{"start":{},"end":{}}],"line":336},"36":{"loc":{"start":{"line":342,"column":11},"end":{"line":342,"column":null}},"type":"binary-expr","locations":[{"start":{"line":342,"column":11},"end":{"line":342,"column":30}},{"start":{"line":342,"column":30},"end":{"line":342,"column":null}}],"line":342},"37":{"loc":{"start":{"line":342,"column":47},"end":{"line":342,"column":null}},"type":"cond-expr","locations":[{"start":{"line":342,"column":65},"end":{"line":342,"column":69}},{"start":{"line":342,"column":69},"end":{"line":342,"column":null}}],"line":342},"38":{"loc":{"start":{"line":347,"column":11},"end":{"line":347,"column":null}},"type":"binary-expr","locations":[{"start":{"line":347,"column":11},"end":{"line":347,"column":34}},{"start":{"line":347,"column":34},"end":{"line":347,"column":null}}],"line":347},"39":{"loc":{"start":{"line":347,"column":51},"end":{"line":347,"column":null}},"type":"cond-expr","locations":[{"start":{"line":347,"column":73},"end":{"line":347,"column":77}},{"start":{"line":347,"column":77},"end":{"line":347,"column":null}}],"line":347},"40":{"loc":{"start":{"line":357,"column":4},"end":{"line":365,"column":null}},"type":"switch","locations":[{"start":{"line":358,"column":8},"end":{"line":358,"column":null}},{"start":{"line":359,"column":8},"end":{"line":359,"column":null}},{"start":{"line":360,"column":8},"end":{"line":360,"column":null}},{"start":{"line":361,"column":8},"end":{"line":361,"column":null}},{"start":{"line":362,"column":8},"end":{"line":362,"column":null}},{"start":{"line":363,"column":8},"end":{"line":363,"column":null}},{"start":{"line":364,"column":8},"end":{"line":364,"column":null}}],"line":357}},"s":{"0":3,"1":11,"2":11,"3":6,"4":5,"5":5,"6":5,"7":3,"8":2,"9":3,"10":3,"11":1015,"12":1015,"13":2,"14":1013,"15":1013,"16":1013,"17":2026,"18":184,"19":184,"20":184,"21":184,"22":184,"23":184,"24":184,"25":184,"26":184,"27":184,"28":1013,"29":1013,"30":7091,"31":7091,"32":236,"33":236,"34":236,"35":1013,"36":1013,"37":1,"38":1013,"39":1013,"40":17,"41":1013,"42":1013,"43":1,"44":1013,"45":6,"46":6,"47":6,"48":6,"49":6,"50":6,"51":2,"52":4,"53":1,"54":3,"55":1,"56":2,"57":1,"58":1,"59":1,"60":0,"61":0,"62":0,"63":0,"64":6,"65":4,"66":6,"67":1,"68":1,"69":1,"70":1,"71":1,"72":1,"73":0,"74":0,"75":7,"76":1,"77":1,"78":1,"79":1,"80":1,"81":1,"82":1,"83":0,"84":0,"85":5,"86":1,"87":2,"88":2,"89":1,"90":1,"91":0,"92":0,"93":0,"94":0,"95":0,"96":0,"97":0,"98":0,"99":0,"100":0,"101":0,"102":0,"103":0,"104":0,"105":0},"f":{"0":11,"1":5,"2":1015,"3":6,"4":4,"5":6,"6":7,"7":5,"8":0,"9":0,"10":0,"11":0,"12":0,"13":0},"b":{"0":[6,5],"1":[3,2],"2":[1015],"3":[1015],"4":[2,1013],"5":[184,0],"6":[0,184],"7":[64,120],"8":[70,114],"9":[184,0],"10":[184,0],"11":[184,0],"12":[236,6855],"13":[4,232],"14":[0,236],"15":[150,86],"16":[10,226],"17":[1,1012],"18":[1,0],"19":[17,996],"20":[2,15],"21":[1,1012],"22":[1,0],"23":[2,4],"24":[1,1],"25":[1,3],"26":[1,2],"27":[1,1],"28":[1,0],"29":[0,0],"30":[0,0],"31":[1,1,1,1,1,1,1,0,0],"32":[1,1,1,1,1,1,1,0,0],"33":[1,2,1,1],"34":[2,0],"35":[0,0],"36":[0,0],"37":[0,0],"38":[0,0],"39":[0,0],"40":[0,0,0,0,0,0,0]},"meta":{"lastBranch":41,"lastFunction":14,"lastStatement":106,"seen":{"s:32:53:40:Infinity":0,"f:44:16:44:39":0,"s:45:25:45:Infinity":1,"b:46:4:48:Infinity:undefined:undefined:undefined:undefined":0,"s:46:4:48:Infinity":2,"s:47:8:47:Infinity":3,"s:49:4:49:Infinity":4,"f:53:16:53:43":1,"s:54:25:54:Infinity":5,"b:55:4:57:Infinity:undefined:undefined:undefined:undefined":1,"s:55:4:57:Infinity":6,"s:56:8:56:Infinity":7,"s:58:4:58:Infinity":8,"s:86:59:97:Infinity":9,"s:99:47:106:Infinity":10,"f:108:16:108:Infinity":2,"b:110:27:110:Infinity":2,"b:111:25:111:Infinity":3,"s:113:40:113:Infinity":11,"b:115:4:115:Infinity:undefined:undefined:undefined:undefined":4,"s:115:4:115:Infinity":12,"s:115:21:115:Infinity":13,"s:117:17:117:Infinity":14,"s:125:31:130:Infinity":15,"s:132:4:156:Infinity":16,"s:134:8:155:Infinity":17,"b:135:12:154:Infinity:undefined:undefined:undefined:undefined":5,"s:135:12:154:Infinity":18,"s:136:31:136:Infinity":19,"b:136:42:136:63:136:63:136:Infinity":6,"s:137:34:137:Infinity":20,"b:137:77:137:81:137:81:137:Infinity":7,"s:138:35:138:Infinity":21,"b:138:78:138:87:138:87:138:Infinity":8,"s:139:33:139:Infinity":22,"s:140:34:140:Infinity":23,"b:140:34:140:61:140:61:140:Infinity":9,"s:142:29:142:Infinity":24,"s:143:31:143:Infinity":25,"b:143:31:143:60:143:60:143:Infinity":10,"b:145:16:153:Infinity:undefined:undefined:undefined:undefined":11,"s:145:16:153:Infinity":26,"s:146:20:152:Infinity":27,"s:159:105:167:Infinity":28,"s:169:4:183:Infinity":29,"s:170:22:170:Infinity":30,"b:171:8:182:Infinity:undefined:undefined:undefined:undefined":12,"s:171:8:182:Infinity":31,"s:173:33:173:Infinity":32,"b:173:65:173:84:173:84:173:Infinity":13,"s:174:27:174:Infinity":33,"b:174:38:174:60:174:60:174:Infinity":14,"b:174:86:174:101:174:101:174:Infinity":15,"s:176:12:181:Infinity":34,"b:180:48:180:57:180:57:180:Infinity":16,"s:186:22:186:Infinity":35,"b:187:4:194:Infinity:undefined:undefined:undefined:undefined":17,"s:187:4:194:Infinity":36,"s:188:8:193:Infinity":37,"b:190:40:190:65:190:65:190:Infinity":18,"s:197:23:197:Infinity":38,"b:198:4:205:Infinity:undefined:undefined:undefined:undefined":19,"s:198:4:205:Infinity":39,"s:199:8:204:Infinity":40,"b:201:42:201:68:201:68:201:Infinity":20,"s:208:24:208:Infinity":41,"b:209:4:216:Infinity:undefined:undefined:undefined:undefined":21,"s:209:4:216:Infinity":42,"s:210:8:215:Infinity":43,"b:212:44:212:71:212:71:212:Infinity":22,"s:218:4:218:Infinity":44,"f:223:16:223:Infinity":3,"s:228:21:228:Infinity":45,"s:229:21:229:Infinity":46,"s:230:20:230:Infinity":47,"s:232:4:232:Infinity":48,"s:234:18:234:Infinity":49,"b:235:4:249:Infinity:237:4:249:Infinity":23,"s:235:4:249:Infinity":50,"s:236:8:236:Infinity":51,"b:236:31:236:56:236:56:236:Infinity":24,"b:237:4:249:Infinity:239:4:249:Infinity":25,"s:237:4:249:Infinity":52,"s:238:8:238:Infinity":53,"b:239:4:249:Infinity:241:4:249:Infinity":26,"s:239:4:249:Infinity":54,"s:240:8:240:Infinity":55,"b:241:4:249:Infinity:243:4:249:Infinity":27,"s:241:4:249:Infinity":56,"s:242:8:242:Infinity":57,"b:243:4:249:Infinity:245:4:249:Infinity":28,"s:243:4:249:Infinity":58,"s:244:8:244:Infinity":59,"b:245:4:249:Infinity:247:4:249:Infinity":29,"s:245:4:249:Infinity":60,"s:246:8:246:Infinity":61,"b:247:4:249:Infinity:undefined:undefined:undefined:undefined":30,"s:247:4:249:Infinity":62,"s:248:8:248:Infinity":63,"s:251:4:251:Infinity":64,"f:254:16:254:36":4,"s:255:4:255:Infinity":65,"f:258:16:258:31":5,"b:260:8:260:Infinity:261:8:262:Infinity:263:8:264:Infinity:265:8:266:Infinity:267:8:268:Infinity:269:8:270:Infinity:271:8:272:Infinity:273:8:274:Infinity:275:8:276:Infinity":31,"s:259:4:277:Infinity":66,"s:262:12:262:Infinity":67,"s:264:12:264:Infinity":68,"s:266:12:266:Infinity":69,"s:268:12:268:Infinity":70,"s:270:12:270:Infinity":71,"s:272:12:272:Infinity":72,"s:274:12:274:Infinity":73,"s:276:12:276:Infinity":74,"f:280:16:280:30":6,"b:282:8:282:Infinity:283:8:283:Infinity:284:8:284:Infinity:285:8:285:Infinity:286:8:286:Infinity:287:8:287:Infinity:288:8:288:Infinity:289:8:289:Infinity:290:8:290:Infinity":32,"s:281:4:291:Infinity":75,"s:282:23:282:Infinity":76,"s:283:31:283:Infinity":77,"s:284:21:284:Infinity":78,"s:285:26:285:Infinity":79,"s:286:22:286:Infinity":80,"s:287:23:287:Infinity":81,"s:288:26:288:Infinity":82,"s:289:23:289:Infinity":83,"s:290:17:290:Infinity":84,"f:302:16:302:Infinity":7,"b:308:8:312:Infinity:313:8:318:Infinity:319:8:323:Infinity:324:8:325:Infinity":33,"s:307:4:326:Infinity":85,"s:309:12:312:Infinity":86,"s:314:28:314:Infinity":87,"b:314:28:314:44:314:44:314:Infinity":34,"s:315:12:318:Infinity":88,"s:320:12:323:Infinity":89,"s:325:12:325:Infinity":90,"f:329:16:329:42":8,"s:331:4:331:Infinity":91,"f:334:16:334:32":9,"b:336:4:336:Infinity:undefined:undefined:undefined:undefined":35,"s:336:4:336:Infinity":92,"s:336:29:336:Infinity":93,"s:337:4:337:Infinity":94,"f:340:16:340:31":10,"s:342:4:342:Infinity":95,"b:342:11:342:30:342:30:342:Infinity":36,"b:342:65:342:69:342:69:342:Infinity":37,"f:345:16:345:34":11,"s:347:4:347:Infinity":96,"b:347:11:347:34:347:34:347:Infinity":38,"b:347:73:347:77:347:77:347:Infinity":39,"f:350:16:350:49":12,"s:352:4:352:Infinity":97,"f:356:16:356:35":13,"b:358:8:358:Infinity:359:8:359:Infinity:360:8:360:Infinity:361:8:361:Infinity:362:8:362:Infinity:363:8:363:Infinity:364:8:364:Infinity":40,"s:357:4:365:Infinity":98,"s:358:20:358:Infinity":99,"s:359:20:359:Infinity":100,"s:360:22:360:Infinity":101,"s:361:22:361:Infinity":102,"s:362:22:362:Infinity":103,"s:363:25:363:Infinity":104,"s:364:24:364:Infinity":105}}}
,"/Users/mvanhoutte/IdeaProjects/realm-shards/src/lib/data/items.ts": {"path":"/Users/mvanhoutte/IdeaProjects/realm-shards/src/lib/data/items.ts","statementMap":{"0":{"start":{"line":4,"column":43},"end":{"line":98,"column":null}},"1":{"start":{"line":102,"column":4},"end":{"line":102,"column":null}},"2":{"start":{"line":107,"column":4},"end":{"line":112,"column":null}}},"fnMap":{"0":{"name":"getItem","decl":{"start":{"line":101,"column":16},"end":{"line":101,"column":24}},"loc":{"start":{"line":101,"column":58},"end":{"line":103,"column":null}},"line":101},"1":{"name":"createDefaultInventory","decl":{"start":{"line":106,"column":16},"end":{"line":106,"column":71}},"loc":{"start":{"line":106,"column":71},"end":{"line":113,"column":null}},"line":106}},"branchMap":{},"s":{"0":0,"1":0,"2":0},"f":{"0":0,"1":0},"b":{},"meta":{"lastBranch":0,"lastFunction":2,"lastStatement":3,"seen":{"s:4:43:98:Infinity":0,"f:101:16:101:24":0,"s:102:4:102:Infinity":1,"f:106:16:106:71":1,"s:107:4:112:Infinity":2}}}
,"/Users/mvanhoutte/IdeaProjects/realm-shards/src/lib/data/maps.ts": {"path":"/Users/mvanhoutte/IdeaProjects/realm-shards/src/lib/data/maps.ts","statementMap":{"0":{"start":{"line":4,"column":54},"end":{"line":11,"column":null}},"1":{"start":{"line":14,"column":36},"end":{"line":41,"column":null}},"2":{"start":{"line":43,"column":23},"end":{"line":49,"column":null}},"3":{"start":{"line":44,"column":4},"end":{"line":46,"column":null}},"4":{"start":{"line":45,"column":8},"end":{"line":45,"column":null}},"5":{"start":{"line":47,"column":18},"end":{"line":47,"column":null}},"6":{"start":{"line":48,"column":4},"end":{"line":48,"column":null}},"7":{"start":{"line":51,"column":27},"end":{"line":53,"column":null}},"8":{"start":{"line":52,"column":4},"end":{"line":52,"column":null}}},"fnMap":{"0":{"name":"(anonymous_0)","decl":{"start":{"line":43,"column":23},"end":{"line":43,"column":24}},"loc":{"start":{"line":43,"column":80},"end":{"line":49,"column":null}},"line":43},"1":{"name":"(anonymous_1)","decl":{"start":{"line":51,"column":27},"end":{"line":51,"column":28}},"loc":{"start":{"line":51,"column":61},"end":{"line":53,"column":null}},"line":51}},"branchMap":{"0":{"loc":{"start":{"line":44,"column":4},"end":{"line":46,"column":null}},"type":"if","locations":[{"start":{"line":44,"column":4},"end":{"line":46,"column":null}},{"start":{},"end":{}}],"line":44},"1":{"loc":{"start":{"line":44,"column":8},"end":{"line":44,"column":61}},"type":"binary-expr","locations":[{"start":{"line":44,"column":8},"end":{"line":44,"column":17}},{"start":{"line":44,"column":17},"end":{"line":44,"column":35}},{"start":{"line":44,"column":35},"end":{"line":44,"column":44}},{"start":{"line":44,"column":44},"end":{"line":44,"column":61}}],"line":44},"2":{"loc":{"start":{"line":52,"column":11},"end":{"line":52,"column":null}},"type":"binary-expr","locations":[{"start":{"line":52,"column":11},"end":{"line":52,"column":35}},{"start":{"line":52,"column":35},"end":{"line":52,"column":null}}],"line":52}},"s":{"0":0,"1":0,"2":0,"3":0,"4":0,"5":0,"6":0,"7":0,"8":0},"f":{"0":0,"1":0},"b":{"0":[0,0],"1":[0,0,0,0],"2":[0,0]},"meta":{"lastBranch":3,"lastFunction":2,"lastStatement":9,"seen":{"s:4:54:11:Infinity":0,"s:14:36:41:Infinity":1,"s:43:23:49:Infinity":2,"f:43:23:43:24":0,"b:44:4:46:Infinity:undefined:undefined:undefined:undefined":0,"s:44:4:46:Infinity":3,"b:44:8:44:17:44:17:44:35:44:35:44:44:44:44:44:61":1,"s:45:8:45:Infinity":4,"s:47:18:47:Infinity":5,"s:48:4:48:Infinity":6,"s:51:27:53:Infinity":7,"f:51:27:51:28":1,"s:52:4:52:Infinity":8,"b:52:11:52:35:52:35:52:Infinity":2}}}
,"/Users/mvanhoutte/IdeaProjects/realm-shards/src/lib/data/moves.ts": {"path":"/Users/mvanhoutte/IdeaProjects/realm-shards/src/lib/data/moves.ts","statementMap":{"0":{"start":{"line":7,"column":22},"end":{"line":38,"column":null}},"1":{"start":{"line":9,"column":33},"end":{"line":9,"column":null}},"2":{"start":{"line":10,"column":4},"end":{"line":10,"column":null}},"3":{"start":{"line":10,"column":41},"end":{"line":10,"column":null}},"4":{"start":{"line":11,"column":4},"end":{"line":11,"column":null}},"5":{"start":{"line":11,"column":77},"end":{"line":11,"column":null}},"6":{"start":{"line":15,"column":31},"end":{"line":15,"column":null}},"7":{"start":{"line":18,"column":25},"end":{"line":18,"column":null}},"8":{"start":{"line":21,"column":23},"end":{"line":21,"column":null}},"9":{"start":{"line":22,"column":10},"end":{"line":22,"column":null}},"10":{"start":{"line":24,"column":4},"end":{"line":37,"column":null}},"11":{"start":{"line":41,"column":43},"end":{"line":41,"column":null}},"12":{"start":{"line":43,"column":18},"end":{"line":64,"column":null}},"13":{"start":{"line":44,"column":23},"end":{"line":44,"column":null}},"14":{"start":{"line":45,"column":4},"end":{"line":63,"column":null}},"15":{"start":{"line":46,"column":8},"end":{"line":62,"column":null}},"16":{"start":{"line":47,"column":12},"end":{"line":61,"column":null}},"17":{"start":{"line":49,"column":31},"end":{"line":49,"column":null}},"18":{"start":{"line":50,"column":16},"end":{"line":60,"column":null}},"19":{"start":{"line":52,"column":40},"end":{"line":55,"column":null}},"20":{"start":{"line":54,"column":47},"end":{"line":54,"column":91}},"21":{"start":{"line":57,"column":33},"end":{"line":57,"column":null}},"22":{"start":{"line":58,"column":20},"end":{"line":58,"column":null}},"23":{"start":{"line":59,"column":20},"end":{"line":59,"column":null}},"24":{"start":{"line":68,"column":0},"end":{"line":68,"column":null}},"25":{"start":{"line":73,"column":80},"end":{"line":452,"column":null}},"26":{"start":{"line":455,"column":21},"end":{"line":455,"column":null}},"27":{"start":{"line":456,"column":18},"end":{"line":456,"column":null}},"28":{"start":{"line":458,"column":4},"end":{"line":465,"column":null}},"29":{"start":{"line":459,"column":8},"end":{"line":464,"column":null}},"30":{"start":{"line":461,"column":24},"end":{"line":461,"column":null}},"31":{"start":{"line":462,"column":34},"end":{"line":462,"column":null}},"32":{"start":{"line":463,"column":12},"end":{"line":463,"column":null}},"33":{"start":{"line":467,"column":4},"end":{"line":467,"column":null}},"34":{"start":{"line":471,"column":4},"end":{"line":471,"column":null}},"35":{"start":{"line":476,"column":20},"end":{"line":476,"column":null}},"36":{"start":{"line":480,"column":20},"end":{"line":480,"column":null}},"37":{"start":{"line":481,"column":4},"end":{"line":481,"column":null}},"38":{"start":{"line":481,"column":24},"end":{"line":481,"column":null}},"39":{"start":{"line":484,"column":4},"end":{"line":486,"column":null}},"40":{"start":{"line":485,"column":8},"end":{"line":485,"column":null}}},"fnMap":{"0":{"name":"(anonymous_0)","decl":{"start":{"line":7,"column":22},"end":{"line":7,"column":23}},"loc":{"start":{"line":7,"column":47},"end":{"line":38,"column":null}},"line":7},"1":{"name":"(anonymous_1)","decl":{"start":{"line":43,"column":18},"end":{"line":43,"column":24}},"loc":{"start":{"line":43,"column":24},"end":{"line":64,"column":null}},"line":43},"2":{"name":"(anonymous_2)","decl":{"start":{"line":45,"column":23},"end":{"line":45,"column":34}},"loc":{"start":{"line":45,"column":34},"end":{"line":63,"column":5}},"line":45},"3":{"name":"(anonymous_3)","decl":{"start":{"line":47,"column":34},"end":{"line":47,"column":39}},"loc":{"start":{"line":47,"column":39},"end":{"line":61,"column":13}},"line":47},"4":{"name":"(anonymous_4)","decl":{"start":{"line":54,"column":29},"end":{"line":54,"column":30}},"loc":{"start":{"line":54,"column":47},"end":{"line":54,"column":91}},"line":54},"5":{"name":"getTypeEffectiveness","decl":{"start":{"line":454,"column":16},"end":{"line":454,"column":37}},"loc":{"start":{"line":454,"column":100},"end":{"line":468,"column":null}},"line":454},"6":{"name":"getMove","decl":{"start":{"line":470,"column":16},"end":{"line":470,"column":24}},"loc":{"start":{"line":470,"column":58},"end":{"line":487,"column":null}},"line":470},"7":{"name":"(anonymous_7)","decl":{"start":{"line":484,"column":37},"end":{"line":484,"column":null}},"loc":{"start":{"line":485,"column":8},"end":{"line":485,"column":null}},"line":485}},"branchMap":{"0":{"loc":{"start":{"line":10,"column":4},"end":{"line":10,"column":null}},"type":"if","locations":[{"start":{"line":10,"column":4},"end":{"line":10,"column":null}},{"start":{},"end":{}}],"line":10},"1":{"loc":{"start":{"line":11,"column":4},"end":{"line":11,"column":null}},"type":"if","locations":[{"start":{"line":11,"column":4},"end":{"line":11,"column":null}},{"start":{},"end":{}}],"line":11},"2":{"loc":{"start":{"line":11,"column":8},"end":{"line":11,"column":77}},"type":"binary-expr","locations":[{"start":{"line":11,"column":8},"end":{"line":11,"column":42}},{"start":{"line":11,"column":42},"end":{"line":11,"column":77}}],"line":11},"3":{"loc":{"start":{"line":18,"column":25},"end":{"line":18,"column":null}},"type":"cond-expr","locations":[{"start":{"line":18,"column":63},"end":{"line":18,"column":95}},{"start":{"line":18,"column":95},"end":{"line":18,"column":null}}],"line":18},"4":{"loc":{"start":{"line":30,"column":15},"end":{"line":30,"column":null}},"type":"cond-expr","locations":[{"start":{"line":30,"column":39},"end":{"line":30,"column":43}},{"start":{"line":30,"column":43},"end":{"line":30,"column":null}}],"line":30},"5":{"loc":{"start":{"line":31,"column":18},"end":{"line":31,"column":null}},"type":"cond-expr","locations":[{"start":{"line":31,"column":45},"end":{"line":31,"column":51}},{"start":{"line":31,"column":51},"end":{"line":31,"column":null}}],"line":31},"6":{"loc":{"start":{"line":36,"column":23},"end":{"line":36,"column":null}},"type":"cond-expr","locations":[{"start":{"line":36,"column":50},"end":{"line":36,"column":66}},{"start":{"line":36,"column":66},"end":{"line":36,"column":null}}],"line":36},"7":{"loc":{"start":{"line":46,"column":8},"end":{"line":62,"column":null}},"type":"if","locations":[{"start":{"line":46,"column":8},"end":{"line":62,"column":null}},{"start":{},"end":{}}],"line":46},"8":{"loc":{"start":{"line":50,"column":16},"end":{"line":60,"column":null}},"type":"if","locations":[{"start":{"line":50,"column":16},"end":{"line":60,"column":null}},{"start":{},"end":{}}],"line":50},"9":{"loc":{"start":{"line":458,"column":4},"end":{"line":465,"column":null}},"type":"if","locations":[{"start":{"line":458,"column":4},"end":{"line":465,"column":null}},{"start":{},"end":{}}],"line":458},"10":{"loc":{"start":{"line":462,"column":34},"end":{"line":462,"column":null}},"type":"cond-expr","locations":[{"start":{"line":462,"column":60},"end":{"line":462,"column":66}},{"start":{"line":462,"column":66},"end":{"line":462,"column":null}}],"line":462},"11":{"loc":{"start":{"line":481,"column":4},"end":{"line":481,"column":null}},"type":"if","locations":[{"start":{"line":481,"column":4},"end":{"line":481,"column":null}},{"start":{},"end":{}}],"line":481}},"s":{"0":2,"1":1010,"2":1010,"3":250,"4":1010,"5":336,"6":1010,"7":1010,"8":1010,"9":1010,"10":1010,"11":2,"12":2,"13":2,"14":2,"15":480,"16":480,"17":10560,"18":10560,"19":1010,"20":1682,"21":1010,"22":1010,"23":1010,"24":2,"25":2,"26":21,"27":21,"28":21,"29":21,"30":24,"31":24,"32":24,"33":21,"34":2,"35":2,"36":2,"37":2,"38":1,"39":1,"40":505},"f":{"0":1010,"1":2,"2":480,"3":10560,"4":1682,"5":21,"6":2,"7":505},"b":{"0":[250,760],"1":[336,674],"2":[1010,1010],"3":[1010,0],"4":[390,620],"5":[248,762],"6":[410,600],"7":[480,0],"8":[1010,9550],"9":[21,0],"10":[24,0],"11":[1,1]},"meta":{"lastBranch":12,"lastFunction":8,"lastStatement":41,"seen":{"s:7:22:38:Infinity":0,"f:7:22:7:23":0,"s:9:33:9:Infinity":1,"b:10:4:10:Infinity:undefined:undefined:undefined:undefined":0,"s:10:4:10:Infinity":2,"s:10:41:10:Infinity":3,"b:11:4:11:Infinity:undefined:undefined:undefined:undefined":1,"s:11:4:11:Infinity":4,"b:11:8:11:42:11:42:11:77":2,"s:11:77:11:Infinity":5,"s:15:31:15:Infinity":6,"s:18:25:18:Infinity":7,"b:18:63:18:95:18:95:18:Infinity":3,"s:21:23:21:Infinity":8,"s:22:10:22:Infinity":9,"s:24:4:37:Infinity":10,"b:30:39:30:43:30:43:30:Infinity":4,"b:31:45:31:51:31:51:31:Infinity":5,"b:36:50:36:66:36:66:36:Infinity":6,"s:41:43:41:Infinity":11,"s:43:18:64:Infinity":12,"f:43:18:43:24":1,"s:44:23:44:Infinity":13,"s:45:4:63:Infinity":14,"f:45:23:45:34":2,"b:46:8:62:Infinity:undefined:undefined:undefined:undefined":7,"s:46:8:62:Infinity":15,"s:47:12:61:Infinity":16,"f:47:34:47:39":3,"s:49:31:49:Infinity":17,"b:50:16:60:Infinity:undefined:undefined:undefined:undefined":8,"s:50:16:60:Infinity":18,"s:52:40:55:Infinity":19,"f:54:29:54:30":4,"s:54:47:54:91":20,"s:57:33:57:Infinity":21,"s:58:20:58:Infinity":22,"s:59:20:59:Infinity":23,"s:68:0:68:Infinity":24,"s:73:80:452:Infinity":25,"f:454:16:454:37":5,"s:455:21:455:Infinity":26,"s:456:18:456:Infinity":27,"b:458:4:465:Infinity:undefined:undefined:undefined:undefined":9,"s:458:4:465:Infinity":28,"s:459:8:464:Infinity":29,"s:461:24:461:Infinity":30,"s:462:34:462:Infinity":31,"b:462:60:462:66:462:66:462:Infinity":10,"s:463:12:463:Infinity":32,"s:467:4:467:Infinity":33,"f:470:16:470:24":6,"s:471:4:471:Infinity":34,"s:476:20:476:Infinity":35,"s:480:20:480:Infinity":36,"b:481:4:481:Infinity:undefined:undefined:undefined:undefined":11,"s:481:4:481:Infinity":37,"s:481:24:481:Infinity":38,"s:484:4:486:Infinity":39,"f:484:37:484:Infinity":7,"s:485:8:485:Infinity":40}}}
,"/Users/mvanhoutte/IdeaProjects/realm-shards/src/lib/data/pokedex.ts": {"path":"/Users/mvanhoutte/IdeaProjects/realm-shards/src/lib/data/pokedex.ts","statementMap":{"0":{"start":{"line":25,"column":53},"end":{"line":25,"column":null}},"1":{"start":{"line":26,"column":50},"end":{"line":26,"column":null}},"2":{"start":{"line":27,"column":56},"end":{"line":27,"column":null}},"3":{"start":{"line":29,"column":32},"end":{"line":29,"column":null}},"4":{"start":{"line":30,"column":34},"end":{"line":30,"column":null}},"5":{"start":{"line":33,"column":8},"end":{"line":33,"column":null}},"6":{"start":{"line":34,"column":8},"end":{"line":34,"column":null}},"7":{"start":{"line":38,"column":8},"end":{"line":40,"column":null}},"8":{"start":{"line":39,"column":12},"end":{"line":39,"column":null}},"9":{"start":{"line":41,"column":8},"end":{"line":41,"column":null}},"10":{"start":{"line":46,"column":9},"end":{"line":48,"column":null}},"11":{"start":{"line":47,"column":12},"end":{"line":47,"column":null}},"12":{"start":{"line":51,"column":9},"end":{"line":53,"column":null}},"13":{"start":{"line":52,"column":12},"end":{"line":52,"column":null}},"14":{"start":{"line":56,"column":9},"end":{"line":61,"column":null}},"15":{"start":{"line":57,"column":12},"end":{"line":59,"column":null}},"16":{"start":{"line":58,"column":16},"end":{"line":58,"column":null}},"17":{"start":{"line":60,"column":12},"end":{"line":60,"column":null}},"18":{"start":{"line":65,"column":8},"end":{"line":74,"column":null}},"19":{"start":{"line":66,"column":26},"end":{"line":66,"column":null}},"20":{"start":{"line":67,"column":12},"end":{"line":71,"column":null}},"21":{"start":{"line":68,"column":30},"end":{"line":68,"column":null}},"22":{"start":{"line":69,"column":16},"end":{"line":69,"column":null}},"23":{"start":{"line":70,"column":16},"end":{"line":70,"column":null}},"24":{"start":{"line":73,"column":12},"end":{"line":73,"column":null}},"25":{"start":{"line":78,"column":8},"end":{"line":86,"column":null}},"26":{"start":{"line":79,"column":26},"end":{"line":82,"column":null}},"27":{"start":{"line":83,"column":12},"end":{"line":83,"column":null}},"28":{"start":{"line":85,"column":12},"end":{"line":85,"column":null}},"29":{"start":{"line":90,"column":8},"end":{"line":93,"column":null}},"30":{"start":{"line":91,"column":12},"end":{"line":91,"column":null}},"31":{"start":{"line":92,"column":12},"end":{"line":92,"column":null}},"32":{"start":{"line":97,"column":8},"end":{"line":97,"column":null}},"33":{"start":{"line":98,"column":8},"end":{"line":101,"column":null}},"34":{"start":{"line":99,"column":12},"end":{"line":99,"column":null}},"35":{"start":{"line":100,"column":12},"end":{"line":100,"column":null}},"36":{"start":{"line":105,"column":8},"end":{"line":105,"column":null}},"37":{"start":{"line":109,"column":8},"end":{"line":109,"column":null}},"38":{"start":{"line":113,"column":22},"end":{"line":113,"column":null}},"39":{"start":{"line":114,"column":8},"end":{"line":114,"column":null}},"40":{"start":{"line":114,"column":20},"end":{"line":114,"column":null}},"41":{"start":{"line":116,"column":21},"end":{"line":119,"column":null}},"42":{"start":{"line":121,"column":23},"end":{"line":121,"column":null}},"43":{"start":{"line":124,"column":8},"end":{"line":124,"column":null}},"44":{"start":{"line":128,"column":8},"end":{"line":128,"column":null}},"45":{"start":{"line":133,"column":26},"end":{"line":133,"column":null}},"46":{"start":{"line":134,"column":8},"end":{"line":138,"column":null}},"47":{"start":{"line":135,"column":12},"end":{"line":137,"column":null}},"48":{"start":{"line":136,"column":16},"end":{"line":136,"column":null}},"49":{"start":{"line":139,"column":8},"end":{"line":139,"column":null}},"50":{"start":{"line":143,"column":8},"end":{"line":143,"column":null}},"51":{"start":{"line":147,"column":8},"end":{"line":147,"column":null}},"52":{"start":{"line":151,"column":8},"end":{"line":151,"column":null}},"53":{"start":{"line":155,"column":24},"end":{"line":155,"column":null}},"54":{"start":{"line":156,"column":8},"end":{"line":156,"column":null}},"55":{"start":{"line":156,"column":22},"end":{"line":156,"column":null}},"56":{"start":{"line":158,"column":20},"end":{"line":158,"column":null}},"57":{"start":{"line":161,"column":8},"end":{"line":168,"column":null}},"58":{"start":{"line":161,"column":21},"end":{"line":161,"column":24}},"59":{"start":{"line":162,"column":27},"end":{"line":162,"column":null}},"60":{"start":{"line":163,"column":12},"end":{"line":167,"column":null}},"61":{"start":{"line":164,"column":16},"end":{"line":164,"column":null}},"62":{"start":{"line":166,"column":16},"end":{"line":166,"column":null}},"63":{"start":{"line":169,"column":8},"end":{"line":169,"column":null}},"64":{"start":{"line":173,"column":23},"end":{"line":173,"column":null}}},"fnMap":{"0":{"name":"(anonymous_0)","decl":{"start":{"line":32,"column":12},"end":{"line":32,"column":26}},"loc":{"start":{"line":32,"column":26},"end":{"line":35,"column":null}},"line":32},"1":{"name":"(anonymous_1)","decl":{"start":{"line":37,"column":18},"end":{"line":37,"column":41}},"loc":{"start":{"line":37,"column":41},"end":{"line":42,"column":null}},"line":37},"2":{"name":"(anonymous_2)","decl":{"start":{"line":44,"column":12},"end":{"line":44,"column":23}},"loc":{"start":{"line":44,"column":23},"end":{"line":62,"column":null}},"line":44},"3":{"name":"(anonymous_3)","decl":{"start":{"line":46,"column":52},"end":{"line":46,"column":61}},"loc":{"start":{"line":46,"column":61},"end":{"line":48,"column":9}},"line":46},"4":{"name":"(anonymous_4)","decl":{"start":{"line":51,"column":49},"end":{"line":51,"column":60}},"loc":{"start":{"line":51,"column":60},"end":{"line":53,"column":9}},"line":51},"5":{"name":"(anonymous_5)","decl":{"start":{"line":56,"column":54},"end":{"line":56,"column":62}},"loc":{"start":{"line":56,"column":62},"end":{"line":61,"column":9}},"line":56},"6":{"name":"(anonymous_6)","decl":{"start":{"line":64,"column":12},"end":{"line":64,"column":24}},"loc":{"start":{"line":64,"column":24},"end":{"line":75,"column":null}},"line":64},"7":{"name":"(anonymous_7)","decl":{"start":{"line":77,"column":11},"end":{"line":77,"column":23}},"loc":{"start":{"line":77,"column":23},"end":{"line":87,"column":null}},"line":77},"8":{"name":"(anonymous_8)","decl":{"start":{"line":89,"column":11},"end":{"line":89,"column":20}},"loc":{"start":{"line":89,"column":32},"end":{"line":94,"column":null}},"line":89},"9":{"name":"(anonymous_9)","decl":{"start":{"line":96,"column":11},"end":{"line":96,"column":22}},"loc":{"start":{"line":96,"column":34},"end":{"line":102,"column":null}},"line":96},"10":{"name":"(anonymous_10)","decl":{"start":{"line":104,"column":11},"end":{"line":104,"column":18}},"loc":{"start":{"line":104,"column":39},"end":{"line":106,"column":null}},"line":104},"11":{"name":"(anonymous_11)","decl":{"start":{"line":108,"column":11},"end":{"line":108,"column":20}},"loc":{"start":{"line":108,"column":41},"end":{"line":110,"column":null}},"line":108},"12":{"name":"(anonymous_12)","decl":{"start":{"line":112,"column":11},"end":{"line":112,"column":21}},"loc":{"start":{"line":112,"column":99},"end":{"line":125,"column":null}},"line":112},"13":{"name":"(anonymous_13)","decl":{"start":{"line":127,"column":11},"end":{"line":127,"column":22}},"loc":{"start":{"line":127,"column":64},"end":{"line":129,"column":null}},"line":127},"14":{"name":"(anonymous_14)","decl":{"start":{"line":131,"column":11},"end":{"line":131,"column":28}},"loc":{"start":{"line":131,"column":72},"end":{"line":140,"column":null}},"line":131},"15":{"name":"(anonymous_15)","decl":{"start":{"line":142,"column":11},"end":{"line":142,"column":47}},"loc":{"start":{"line":142,"column":47},"end":{"line":144,"column":null}},"line":142},"16":{"name":"(anonymous_16)","decl":{"start":{"line":146,"column":11},"end":{"line":146,"column":22}},"loc":{"start":{"line":146,"column":61},"end":{"line":148,"column":null}},"line":146},"17":{"name":"(anonymous_17)","decl":{"start":{"line":150,"column":11},"end":{"line":150,"column":25}},"loc":{"start":{"line":150,"column":70},"end":{"line":152,"column":null}},"line":150},"18":{"name":"(anonymous_18)","decl":{"start":{"line":154,"column":11},"end":{"line":154,"column":27}},"loc":{"start":{"line":154,"column":70},"end":{"line":170,"column":null}},"line":154}},"branchMap":{"0":{"loc":{"start":{"line":38,"column":8},"end":{"line":40,"column":null}},"type":"if","locations":[{"start":{"line":38,"column":8},"end":{"line":40,"column":null}},{"start":{},"end":{}}],"line":38},"1":{"loc":{"start":{"line":57,"column":12},"end":{"line":59,"column":null}},"type":"if","locations":[{"start":{"line":57,"column":12},"end":{"line":59,"column":null}},{"start":{},"end":{}}],"line":57},"2":{"loc":{"start":{"line":67,"column":12},"end":{"line":71,"column":null}},"type":"if","locations":[{"start":{"line":67,"column":12},"end":{"line":71,"column":null}},{"start":{},"end":{}}],"line":67},"3":{"loc":{"start":{"line":90,"column":8},"end":{"line":93,"column":null}},"type":"if","locations":[{"start":{"line":90,"column":8},"end":{"line":93,"column":null}},{"start":{},"end":{}}],"line":90},"4":{"loc":{"start":{"line":98,"column":8},"end":{"line":101,"column":null}},"type":"if","locations":[{"start":{"line":98,"column":8},"end":{"line":101,"column":null}},{"start":{},"end":{}}],"line":98},"5":{"loc":{"start":{"line":112,"column":33},"end":{"line":112,"column":67}},"type":"default-arg","locations":[{"start":{"line":112,"column":58},"end":{"line":112,"column":67}}],"line":112},"6":{"loc":{"start":{"line":112,"column":67},"end":{"line":112,"column":99}},"type":"default-arg","locations":[{"start":{"line":112,"column":84},"end":{"line":112,"column":99}}],"line":112},"7":{"loc":{"start":{"line":114,"column":8},"end":{"line":114,"column":null}},"type":"if","locations":[{"start":{"line":114,"column":8},"end":{"line":114,"column":null}},{"start":{},"end":{}}],"line":114},"8":{"loc":{"start":{"line":121,"column":23},"end":{"line":121,"column":null}},"type":"cond-expr","locations":[{"start":{"line":121,"column":42},"end":{"line":121,"column":54}},{"start":{"line":121,"column":54},"end":{"line":121,"column":null}}],"line":121},"9":{"loc":{"start":{"line":135,"column":12},"end":{"line":137,"column":null}},"type":"if","locations":[{"start":{"line":135,"column":12},"end":{"line":137,"column":null}},{"start":{},"end":{}}],"line":135},"10":{"loc":{"start":{"line":151,"column":15},"end":{"line":151,"column":null}},"type":"binary-expr","locations":[{"start":{"line":151,"column":15},"end":{"line":151,"column":61}},{"start":{"line":151,"column":61},"end":{"line":151,"column":null}}],"line":151},"11":{"loc":{"start":{"line":156,"column":8},"end":{"line":156,"column":null}},"type":"if","locations":[{"start":{"line":156,"column":8},"end":{"line":156,"column":null}},{"start":{},"end":{}}],"line":156},"12":{"loc":{"start":{"line":162,"column":27},"end":{"line":162,"column":null}},"type":"binary-expr","locations":[{"start":{"line":162,"column":27},"end":{"line":162,"column":45}},{"start":{"line":162,"column":45},"end":{"line":162,"column":null}}],"line":162},"13":{"loc":{"start":{"line":163,"column":12},"end":{"line":167,"column":null}},"type":"if","locations":[{"start":{"line":163,"column":12},"end":{"line":167,"column":null}},{"start":{"line":165,"column":19},"end":{"line":167,"column":null}}],"line":163}},"s":{"0":2,"1":2,"2":2,"3":2,"4":2,"5":2,"6":2,"7":2,"8":2,"9":2,"10":2,"11":480,"12":2,"13":736,"14":2,"15":1200,"16":12,"17":1200,"18":2,"19":2,"20":2,"21":0,"22":0,"23":0,"24":0,"25":0,"26":0,"27":0,"28":0,"29":0,"30":0,"31":0,"32":0,"33":0,"34":0,"35":0,"36":0,"37":0,"38":480,"39":480,"40":0,"41":480,"42":480,"43":480,"44":0,"45":0,"46":0,"47":0,"48":0,"49":0,"50":3,"51":0,"52":0,"53":0,"54":0,"55":0,"56":0,"57":0,"58":0,"59":0,"60":0,"61":0,"62":0,"63":0,"64":2},"f":{"0":2,"1":2,"2":2,"3":480,"4":736,"5":1200,"6":2,"7":0,"8":0,"9":0,"10":0,"11":0,"12":480,"13":0,"14":0,"15":3,"16":0,"17":0,"18":0},"b":{"0":[2,0],"1":[12,1188],"2":[0,2],"3":[0,0],"4":[0,0],"5":[480],"6":[480],"7":[0,480],"8":[240,240],"9":[0,0],"10":[0,0],"11":[0,0],"12":[0,0],"13":[0,0]},"meta":{"lastBranch":14,"lastFunction":19,"lastStatement":65,"seen":{"s:25:53:25:Infinity":0,"s:26:50:26:Infinity":1,"s:27:56:27:Infinity":2,"s:29:32:29:Infinity":3,"s:30:34:30:Infinity":4,"f:32:12:32:26":0,"s:33:8:33:Infinity":5,"s:34:8:34:Infinity":6,"f:37:18:37:41":1,"b:38:8:40:Infinity:undefined:undefined:undefined:undefined":0,"s:38:8:40:Infinity":7,"s:39:12:39:Infinity":8,"s:41:8:41:Infinity":9,"f:44:12:44:23":2,"s:46:9:48:Infinity":10,"f:46:52:46:61":3,"s:47:12:47:Infinity":11,"s:51:9:53:Infinity":12,"f:51:49:51:60":4,"s:52:12:52:Infinity":13,"s:56:9:61:Infinity":14,"f:56:54:56:62":5,"b:57:12:59:Infinity:undefined:undefined:undefined:undefined":1,"s:57:12:59:Infinity":15,"s:58:16:58:Infinity":16,"s:60:12:60:Infinity":17,"f:64:12:64:24":6,"s:65:8:74:Infinity":18,"s:66:26:66:Infinity":19,"b:67:12:71:Infinity:undefined:undefined:undefined:undefined":2,"s:67:12:71:Infinity":20,"s:68:30:68:Infinity":21,"s:69:16:69:Infinity":22,"s:70:16:70:Infinity":23,"s:73:12:73:Infinity":24,"f:77:11:77:23":7,"s:78:8:86:Infinity":25,"s:79:26:82:Infinity":26,"s:83:12:83:Infinity":27,"s:85:12:85:Infinity":28,"f:89:11:89:20":8,"b:90:8:93:Infinity:undefined:undefined:undefined:undefined":3,"s:90:8:93:Infinity":29,"s:91:12:91:Infinity":30,"s:92:12:92:Infinity":31,"f:96:11:96:22":9,"s:97:8:97:Infinity":32,"b:98:8:101:Infinity:undefined:undefined:undefined:undefined":4,"s:98:8:101:Infinity":33,"s:99:12:99:Infinity":34,"s:100:12:100:Infinity":35,"f:104:11:104:18":10,"s:105:8:105:Infinity":36,"f:108:11:108:20":11,"s:109:8:109:Infinity":37,"f:112:11:112:21":12,"b:112:58:112:67":5,"b:112:84:112:99":6,"s:113:22:113:Infinity":38,"b:114:8:114:Infinity:undefined:undefined:undefined:undefined":7,"s:114:8:114:Infinity":39,"s:114:20:114:Infinity":40,"s:116:21:119:Infinity":41,"s:121:23:121:Infinity":42,"b:121:42:121:54:121:54:121:Infinity":8,"s:124:8:124:Infinity":43,"f:127:11:127:22":13,"s:128:8:128:Infinity":44,"f:131:11:131:28":14,"s:133:26:133:Infinity":45,"s:134:8:138:Infinity":46,"b:135:12:137:Infinity:undefined:undefined:undefined:undefined":9,"s:135:12:137:Infinity":47,"s:136:16:136:Infinity":48,"s:139:8:139:Infinity":49,"f:142:11:142:47":15,"s:143:8:143:Infinity":50,"f:146:11:146:22":16,"s:147:8:147:Infinity":51,"f:150:11:150:25":17,"s:151:8:151:Infinity":52,"b:151:15:151:61:151:61:151:Infinity":10,"f:154:11:154:27":18,"s:155:24:155:Infinity":53,"b:156:8:156:Infinity:undefined:undefined:undefined:undefined":11,"s:156:8:156:Infinity":54,"s:156:22:156:Infinity":55,"s:158:20:158:Infinity":56,"s:161:8:168:Infinity":57,"s:161:21:161:24":58,"s:162:27:162:Infinity":59,"b:162:27:162:45:162:45:162:Infinity":12,"b:163:12:167:Infinity:165:19:167:Infinity":13,"s:163:12:167:Infinity":60,"s:164:16:164:Infinity":61,"s:166:16:166:Infinity":62,"s:169:8:169:Infinity":63,"s:173:23:173:Infinity":64}}}
,"/Users/mvanhoutte/IdeaProjects/realm-shards/src/lib/data/pokemonSkillTree.ts": {"path":"/Users/mvanhoutte/IdeaProjects/realm-shards/src/lib/data/pokemonSkillTree.ts","statementMap":{"0":{"start":{"line":7,"column":24},"end":{"line":7,"column":null}},"1":{"start":{"line":8,"column":24},"end":{"line":8,"column":null}},"2":{"start":{"line":9,"column":28},"end":{"line":9,"column":null}},"3":{"start":{"line":10,"column":33},"end":{"line":10,"column":null}},"4":{"start":{"line":13,"column":28},"end":{"line":18,"column":null}},"5":{"start":{"line":14,"column":4},"end":{"line":14,"column":null}},"6":{"start":{"line":14,"column":19},"end":{"line":14,"column":null}},"7":{"start":{"line":15,"column":4},"end":{"line":15,"column":null}},"8":{"start":{"line":15,"column":19},"end":{"line":15,"column":null}},"9":{"start":{"line":16,"column":4},"end":{"line":16,"column":null}},"10":{"start":{"line":16,"column":19},"end":{"line":16,"column":null}},"11":{"start":{"line":17,"column":4},"end":{"line":17,"column":null}},"12":{"start":{"line":21,"column":37},"end":{"line":21,"column":null}},"13":{"start":{"line":24,"column":62},"end":{"line":31,"column":null}},"14":{"start":{"line":33,"column":31},"end":{"line":33,"column":null}},"15":{"start":{"line":36,"column":55},"end":{"line":43,"column":null}},"16":{"start":{"line":54,"column":4},"end":{"line":75,"column":null}},"17":{"start":{"line":54,"column":20},"end":{"line":54,"column":23}},"18":{"start":{"line":55,"column":8},"end":{"line":74,"column":null}},"19":{"start":{"line":55,"column":21},"end":{"line":55,"column":24}},"20":{"start":{"line":56,"column":12},"end":{"line":73,"column":null}},"21":{"start":{"line":56,"column":25},"end":{"line":56,"column":32}},"22":{"start":{"line":57,"column":27},"end":{"line":57,"column":null}},"23":{"start":{"line":58,"column":27},"end":{"line":58,"column":null}},"24":{"start":{"line":59,"column":29},"end":{"line":59,"column":null}},"25":{"start":{"line":61,"column":16},"end":{"line":72,"column":null}},"26":{"start":{"line":63,"column":26},"end":{"line":63,"column":null}},"27":{"start":{"line":64,"column":31},"end":{"line":64,"column":null}},"28":{"start":{"line":65,"column":31},"end":{"line":65,"column":null}},"29":{"start":{"line":68,"column":20},"end":{"line":68,"column":null}},"30":{"start":{"line":69,"column":20},"end":{"line":69,"column":null}},"31":{"start":{"line":70,"column":20},"end":{"line":70,"column":null}},"32":{"start":{"line":71,"column":20},"end":{"line":71,"column":null}},"33":{"start":{"line":90,"column":40},"end":{"line":90,"column":null}},"34":{"start":{"line":93,"column":24},"end":{"line":93,"column":null}},"35":{"start":{"line":95,"column":4},"end":{"line":123,"column":null}},"36":{"start":{"line":95,"column":23},"end":{"line":95,"column":26}},"37":{"start":{"line":96,"column":28},"end":{"line":96,"column":null}},"38":{"start":{"line":97,"column":26},"end":{"line":97,"column":null}},"39":{"start":{"line":100,"column":8},"end":{"line":122,"column":null}},"40":{"start":{"line":100,"column":27},"end":{"line":100,"column":30}},"41":{"start":{"line":101,"column":27},"end":{"line":101,"column":null}},"42":{"start":{"line":104,"column":28},"end":{"line":104,"column":null}},"43":{"start":{"line":105,"column":31},"end":{"line":105,"column":null}},"44":{"start":{"line":107,"column":22},"end":{"line":107,"column":null}},"45":{"start":{"line":108,"column":22},"end":{"line":108,"column":null}},"46":{"start":{"line":111,"column":32},"end":{"line":113,"column":null}},"47":{"start":{"line":115,"column":12},"end":{"line":121,"column":null}},"48":{"start":{"line":125,"column":4},"end":{"line":125,"column":null}},"49":{"start":{"line":130,"column":40},"end":{"line":130,"column":null}},"50":{"start":{"line":131,"column":40},"end":{"line":131,"column":null}},"51":{"start":{"line":133,"column":4},"end":{"line":159,"column":null}},"52":{"start":{"line":133,"column":17},"end":{"line":133,"column":20}},"53":{"start":{"line":134,"column":30},"end":{"line":134,"column":null}},"54":{"start":{"line":135,"column":27},"end":{"line":135,"column":null}},"55":{"start":{"line":137,"column":29},"end":{"line":137,"column":null}},"56":{"start":{"line":138,"column":26},"end":{"line":138,"column":null}},"57":{"start":{"line":141,"column":12},"end":{"line":141,"column":null}},"58":{"start":{"line":144,"column":8},"end":{"line":146,"column":null}},"59":{"start":{"line":145,"column":12},"end":{"line":145,"column":null}},"60":{"start":{"line":149,"column":8},"end":{"line":158,"column":null}},"61":{"start":{"line":149,"column":21},"end":{"line":149,"column":24}},"62":{"start":{"line":150,"column":27},"end":{"line":150,"column":null}},"63":{"start":{"line":151,"column":12},"end":{"line":157,"column":null}},"64":{"start":{"line":161,"column":4},"end":{"line":161,"column":null}},"65":{"start":{"line":166,"column":17},"end":{"line":166,"column":null}},"66":{"start":{"line":169,"column":4},"end":{"line":179,"column":null}},"67":{"start":{"line":181,"column":43},"end":{"line":181,"column":null}},"68":{"start":{"line":184,"column":40},"end":{"line":184,"column":null}},"69":{"start":{"line":185,"column":4},"end":{"line":188,"column":null}},"70":{"start":{"line":186,"column":22},"end":{"line":186,"column":null}},"71":{"start":{"line":187,"column":8},"end":{"line":187,"column":null}},"72":{"start":{"line":191,"column":4},"end":{"line":191,"col
[...]
{"line":237,"column":56},"end":{"line":237,"column":61}},"loc":{"start":{"line":237,"column":61},"end":{"line":237,"column":80}},"line":237},"33":{"name":"(anonymous_33)","decl":{"start":{"line":243,"column":77},"end":{"line":243,"column":82}},"loc":{"start":{"line":243,"column":82},"end":{"line":243,"column":101}},"line":243},"34":{"name":"(anonymous_34)","decl":{"start":{"line":251,"column":22},"end":{"line":251,"column":23}},"loc":{"start":{"line":251,"column":50},"end":{"line":255,"column":null}},"line":251},"35":{"name":"(anonymous_35)","decl":{"start":{"line":253,"column":52},"end":{"line":253,"column":57}},"loc":{"start":{"line":253,"column":57},"end":{"line":253,"column":76}},"line":253},"36":{"name":"(anonymous_36)","decl":{"start":{"line":258,"column":24},"end":{"line":258,"column":25}},"loc":{"start":{"line":258,"column":54},"end":{"line":278,"column":null}},"line":258},"37":{"name":"(anonymous_37)","decl":{"start":{"line":259,"column":19},"end":{"line":259,"column":28}},"loc":{"start":{"line":259,"column":28},"end":{"line":277,"column":13}},"line":259},"38":{"name":"(anonymous_38)","decl":{"start":{"line":263,"column":65},"end":{"line":263,"column":70}},"loc":{"start":{"line":263,"column":70},"end":{"line":263,"column":90}},"line":263},"39":{"name":"(anonymous_39)","decl":{"start":{"line":270,"column":63},"end":{"line":270,"column":68}},"loc":{"start":{"line":270,"column":68},"end":{"line":270,"column":88}},"line":270},"40":{"name":"(anonymous_40)","decl":{"start":{"line":281,"column":18},"end":{"line":281,"column":30}},"loc":{"start":{"line":281,"column":30},"end":{"line":293,"column":null}},"line":281},"41":{"name":"(anonymous_41)","decl":{"start":{"line":282,"column":19},"end":{"line":282,"column":28}},"loc":{"start":{"line":282,"column":28},"end":{"line":292,"column":13}},"line":282},"42":{"name":"(anonymous_42)","decl":{"start":{"line":286,"column":44},"end":{"line":286,"column":49}},"loc":{"start":{"line":286,"column":49},"end":{"line":289,"column":17}},"line":286},"43":{"name":"(anonymous_43)","decl":{"start":{"line":296,"column":15},"end":{"line":296,"column":27}},"loc":{"start":{"line":296,"column":27},"end":{"line":298,"column":null}},"line":296},"44":{"name":"(anonymous_44)","decl":{"start":{"line":301,"column":22},"end":{"line":301,"column":23}},"loc":{"start":{"line":301,"column":72},"end":{"line":303,"column":null}},"line":301}},"branchMap":{"0":{"loc":{"start":{"line":39,"column":12},"end":{"line":39,"column":null}},"type":"if","locations":[{"start":{"line":39,"column":12},"end":{"line":39,"column":null}},{"start":{},"end":{}}],"line":39},"1":{"loc":{"start":{"line":47,"column":16},"end":{"line":49,"column":null}},"type":"if","locations":[{"start":{"line":47,"column":16},"end":{"line":49,"column":null}},{"start":{},"end":{}}],"line":47},"2":{"loc":{"start":{"line":58,"column":16},"end":{"line":63,"column":null}},"type":"if","locations":[{"start":{"line":58,"column":16},"end":{"line":63,"column":null}},{"start":{},"end":{}}],"line":58},"3":{"loc":{"start":{"line":72,"column":16},"end":{"line":75,"column":null}},"type":"if","locations":[{"start":{"line":72,"column":16},"end":{"line":75,"column":null}},{"start":{},"end":{}}],"line":72},"4":{"loc":{"start":{"line":85,"column":16},"end":{"line":85,"column":null}},"type":"if","locations":[{"start":{"line":85,"column":16},"end":{"line":85,"column":null}},{"start":{},"end":{}}],"line":85},"5":{"loc":{"start":{"line":87,"column":16},"end":{"line":93,"column":null}},"type":"if","locations":[{"start":{"line":87,"column":16},"end":{"line":93,"column":null}},{"start":{"line":90,"column":23},"end":{"line":93,"column":null}}],"line":87},"6":{"loc":{"start":{"line":103,"column":16},"end":{"line":103,"column":null}},"type":"if","locations":[{"start":{"line":103,"column":16},"end":{"line":103,"column":null}},{"start":{},"end":{}}],"line":103},"7":{"loc":{"start":{"line":104,"column":16},"end":{"line":104,"column":null}},"type":"if","locations":[{"start":{"line":104,"column":16},"end":{"line":104,"column":null}},{"start":{},"end":{}}],"line":104},"8":{"loc":{"start":{"line":104,"column":20},"end":{"line":104,"column":80}},"type":"binary-expr","locations":[{"start":{"line":104,"column":20},"end":{"line":104,"column":38}},{"start":{"line":104,"column":38},"end":{"line":104,"column":80}}],"line":104},"9":{"loc":{"start":{"line":105,"column":16},"end":{"line":105,"column":null}},"type":"if","locations":[{"start":{"line":105,"column":16},"end":{"line":105,"column":null}},{"start":{},"end":{}}],"line":105},"10":{"loc":{"start":{"line":105,"column":20},"end":{"line":105,"column":76}},"type":"binary-expr","locations":[{"start":{"line":105,"column":20},"end":{"line":105,"column":36}},{"start":{"line":105,"column":36},"end":{"line":105,"column":76}}],"line":105},"11":{"loc":{"start":{"line":122,"column":16},"end":{"line":122,"column":null}},"type":"if","locations":[{"start":{"line":122,"column":16},"end":{"line":122,"column":null}},{"start":{},"end":{}}],"line":122},"12":{"loc":{"start":{"line":124,"column":16},"end":{"line":124,"column":null}},"type":"if","locations":[{"start":{"line":124,"column":16},"end":{"line":124,"column":null}},{"start":{},"end":{}}],"line":124},"13":{"loc":{"start":{"line":124,"column":20},"end":{"line":124,"column":64}},"type":"binary-expr","locations":[{"start":{"line":124,"column":20},"end":{"line":124,"column":37}},{"start":{"line":124,"column":37},"end":{"line":124,"column":64}}],"line":124},"14":{"loc":{"start":{"line":125,"column":16},"end":{"line":125,"column":null}},"type":"if","locations":[{"start":{"line":125,"column":16},"end":{"line":125,"column":null}},{"start":{},"end":{}}],"line":125},"15":{"loc":{"start":{"line":125,"column":20},"end":{"line":125,"column":60}},"type":"binary-expr","locations":[{"start":{"line":125,"column":20},"end":{"line":125,"column":35}},{"start":{"line":125,"column":35},"end":{"line":125,"column":60}}],"line":125},"16":{"loc":{"start":{"line":138,"column":16},"end":{"line":151,"column":null}},"type":"if","locations":[{"start":{"line":138,"column":16},"end":{"line":151,"column":null}},{"start":{},"end":{}}],"line":138},"17":{"loc":{"start":{"line":140,"column":20},"end":{"line":150,"column":null}},"type":"if","locations":[{"start":{"line":140,"column":20},"end":{"line":150,"column":null}},{"start":{},"end":{}}],"line":140},"18":{"loc":{"start":{"line":160,"column":16},"end":{"line":160,"column":null}},"type":"if","locations":[{"start":{"line":160,"column":16},"end":{"line":160,"column":null}},{"start":{},"end":{}}],"line":160},"19":{"loc":{"start":{"line":164,"column":16},"end":{"line":172,"column":null}},"type":"if","locations":[{"start":{"line":164,"column":16},"end":{"line":172,"column":null}},{"start":{},"end":{}}],"line":164},"20":{"loc":{"start":{"line":169,"column":20},"end":{"line":171,"column":null}},"type":"if","locations":[{"start":{"line":169,"column":20},"end":{"line":171,"column":null}},{"start":{},"end":{}}],"line":169},"21":{"loc":{"start":{"line":169,"column":24},"end":{"line":169,"column":80}},"type":"binary-expr","locations":[{"start":{"line":169,"column":24},"end":{"line":169,"column":51}},{"start":{"line":169,"column":51},"end":{"line":169,"column":80}}],"line":169},"22":{"loc":{"start":{"line":182,"column":16},"end":{"line":182,"column":null}},"type":"if","locations":[{"start":{"line":182,"column":16},"end":{"line":182,"column":null}},{"start":{},"end":{}}],"line":182},"23":{"loc":{"start":{"line":185,"column":16},"end":{"line":191,"column":null}},"type":"if","locations":[{"start":{"line":185,"column":16},"end":{"line":191,"column":null}},{"start":{},"end":{}}],"line":185},"24":{"loc":{"start":{"line":187,"column":20},"end":{"line":190,"column":null}},"type":"if","locations":[{"start":{"line":187,"column":20},"end":{"line":190,"column":null}},{"start":{},"end":{}}],"line":187},"25":{"loc":{"start":{"line":202,"column":16},"end":{"line":202,"column":null}},"type":"if","locations":[{"start":{"line":202,"column":16},"end":{"line":202,"column":null}},{"start":{},"end":{}}],"line":202},"26":{"loc":{"start":{"line":205,"column":16},"end":{"line":214,"column":null}},"type":"if","locations":[{"start":{"line":205,"column":16},"end":{"line":214,"column":null}},{"start":{},"end":{}}],"line":205},"27":{"loc":{"start":{"line":207,"column":20},"end":{"line":213,"column":null}},"type":"if","locations":[{"start":{"line":207,"column":20},"end":{"line":213,"column":null}},{"start":{},"end":{}}],"line":207},"28":{"loc":{"start":{"line":222,"column":34},"end":{"line":222,"column":65}},"type":"default-arg","locations":[{"start":{"line":222,"column":53},"end":{"line":222,"column":65}}],"line":222},"29":{"loc":{"start":{"line":225,"column":16},"end":{"line":229,"column":null}},"type":"if","locations":[{"start":{"line":225,"column":16},"end":{"line":229,"column":null}},{"start":{"line":227,"column":23},"end":{"line":229,"column":null}}],"line":225},"30":{"loc":{"start":{"line":238,"column":16},"end":{"line":245,"column":null}},"type":"if","locations":[{"start":{"line":238,"column":16},"end":{"line":245,"column":null}},{"start":{},"end":{}}],"line":238},"31":{"loc":{"start":{"line":238,"column":20},"end":{"line":238,"column":47}},"type":"binary-expr","locations":[{"start":{"line":238,"column":20},"end":{"line":238,"column":28}},{"start":{"line":238,"column":28},"end":{"line":238,"column":47}}],"line":238},"32":{"loc":{"start":{"line":242,"column":20},"end":{"line":244,"column":null}},"type":"if","locations":[{"start":{"line":242,"column":20},"end":{"line":244,"column":null}},{"start":{},"end":{}}],"line":242},"33":{"loc":{"start":{"line":254,"column":19},"end":{"line":254,"column":null}},"type":"binary-expr","locations":[{"start":{"line":254,"column":19},"end":{"line":254,"column":37}},{"start":{"line":254,"column":37},"end":{"line":254,"column":null}}],"line":254},"34":{"loc":{"start":{"line":260,"column":16},"end":{"line":260,"column":null}},"type":"if","locations":[{"start":{"line":260,"column":16},"end":{"line":260,"column":null}},{"start":{},"end":{}}],"line":260},"35":{"loc":{"start":{"line":264,"column":16},"end":{"line":267,"column":null}},"type":"if","locations":[{"start":{"line":264,"column":16},"end":{"line":267,"column":null}},{"start":{},"end":{}}],"line":264},"36":{"loc":{"start":{"line":271,"column":16},"end":{"line":274,"column":null}},"type":"if","locations":[{"start":{"line":271,"column":16},"end":{"line":274,"column":null}},{"start":{},"end":{}}],"line":271},"37":{"loc":{"start":{"line":283,"column":16},"end":{"line":283,"column":null}},"type":"if","locations":[{"start":{"line":283,"column":16},"end":{"line":283,"column":null}},{"start":{},"end":{}}],"line":283}},"s":{"0":0,"1":0,"2":0,"3":0,"4":0,"5":0,"6":0,"7":0,"8":0,"9":0,"10":0,"11":0,"12":0,"13":0,"14":0,"15":0,"16":0,"17":0,"18":0,"19":0,"20":0,"21":0,"22":0,"23":0,"24":0,"25":0,"26":0,"27":0,"28":0,"29":0,"30":0,"31":0,"32":0,"33":0,"34":0,"35":0,"36":0,"37":0,"38":0,"39":0,"40":0,"41":0,"42":0,"43":0,"44":0,"45":0,"46":0,"47":0,"48":0,"49":0,"50":0,"51":0,"52":0,"53":0,"54":0,"55":0,"56":0,"57":0,"58":0,"59":0,"60":0,"61":0,"62":0,"63":0,"64":0,"65":0,"66":0,"67":0,"68":0,"69":0,"70":0,"71":0,"72":0,"73":0,"74":0,"75":0,"76":0,"77":0,"78":0,"79":0,"80":0,"81":0,"82":0,"83":0,"84":0,"85":0,"86":0,"87":0,"88":0,"89":0,"90":0,"91":0,"92":0,"93":0,"94":0,"95":0,"96":0,"97":0,"98":0,"99":0,"100":0,"101":0,"102":0,"103":0,"104":0,"105":0,"106":0,"107":0,"108":0,"109":0,"110":0,"111":0,"112":0,"113":0,"114":0,"115":0,"116":0,"117":0,"118":0,"119":0,"120":0,"121":0,"122":0,"123":0,"124":0,"125":0,"126":0,"127":0,"128":0,"129":0,"130":0,"131":0,"132":0,"133":0,"134":0,"135":0,"136":0,"137":0,"138":0,"139":0,"140":0,"141":0,"142":0,"143":0,"144":0,"145":0,"146":0,"147":0,"148":0,"149":0,"150":0,"151":0,"152":0,"153":0,"154":0,"155":0,"156":0,"157":0,"158":0},"f":{"0":0,"1":0,"2":0,"3":0,"4":0,"5":0,"6":0,"7":0,"8":0,"9":0,"10":0,"11":0,"12":0,"13":0,"14":0,"15":0,"16":0,"17":0,"18":0,"19":0,"20":0,"21":0,"22":0,"23":0,"24":0,"25":0,"26":0,"27":0,"28":0,"29":0,"30":0,"31":0,"32":0,"33":0,"34":0,"35":0,"36":0,"37":0,"38":0,"39":0,"40":0,"41":0,"42":0,"43":0,"44":0},"b":{"0":[0,0],"1":[0,0],"2":[0,0],"3":[0,0],"4":[0,0],"5":[0,0],"6":[0,0],"7":[0,0],"8":[0,0],"9":[0,0],"10":[0,0],"11":[0,0],"12":[0,0],"13":[0,0],"14":[0,0],"15":[0,0],"16":[0,0],"17":[0,0],"18":[0,0],"19":[0,0],"20":[0,0],"21":[0,0],"22":[0,0],"23":[0,0],"24":[0,0],"25":[0,0],"26":[0,0],"27":[0,0],"28":[0],"29":[0,0],"30":[0,0],"31":[0,0],"32":[0,0],"33":[0,0],"34":[0,0],"35":[0,0],"36":[0,0],"37":[0,0]},"meta":{"lastBranch":38,"lastFunction":45,"lastStatement":159,"seen":{"f:13:9:13:30":0,"s:14:44:17:Infinity":0,"s:19:35:19:Infinity":1,"s:21:4:304:Infinity":2,"f:25:21:25:22":1,"s:26:18:26:Infinity":3,"s:27:18:27:Infinity":4,"s:28:12:28:Infinity":5,"f:32:20:32:42":2,"s:33:12:33:Infinity":6,"f:37:28:37:46":3,"s:38:18:38:Infinity":7,"b:39:12:39:Infinity:undefined:undefined:undefined:undefined":0,"s:39:12:39:Infinity":8,"s:39:32:39:Infinity":9,"s:40:12:40:Infinity":10,"f:44:16:44:17":4,"s:45:79:45:Infinity":11,"s:46:12:51:Infinity":12,"f:46:19:46:28":5,"b:47:16:49:Infinity:undefined:undefined:undefined:undefined":1,"s:47:16:49:Infinity":13,"s:48:20:48:Infinity":14,"s:50:16:50:Infinity":15,"s:52:12:52:Infinity":16,"f:56:21:56:22":6,"s:57:12:65:Infinity":17,"f:57:19:57:28":7,"b:58:16:63:Infinity:undefined:undefined:undefined:undefined":2,"s:58:16:63:Infinity":18,"s:59:20:62:Infinity":19,"s:64:16:64:Infinity":20,"f:69:23:69:24":8,"s:70:28:70:Infinity":21,"s:71:12:77:Infinity":22,"f:71:19:71:28":9,"b:72:16:75:Infinity:undefined:undefined:undefined:undefined":3,"s:72:16:75:Infinity":23,"s:73:20:73:Infinity":24,"s:74:20:74:Infinity":25,"s:76:16:76:Infinity":26,"s:78:12:78:Infinity":27,"f:82:21:82:22":10,"s:83:52:83:Infinity":28,"s:84:12:95:Infinity":29,"f:84:19:84:28":11,"b:85:16:85:Infinity:undefined:undefined:undefined:undefined":4,"s:85:16:85:Infinity":30,"s:85:36:85:Infinity":31,"b:87:16:93:Infinity:90:23:93:Infinity":5,"s:87:16:93:Infinity":32,"s:88:20:88:Infinity":33,"s:89:20:89:Infinity":34,"s:91:20:91:Infinity":35,"s:92:20:92:Infinity":36,"s:94:16:94:Infinity":37,"s:96:12:96:Infinity":38,"f:100:19:100:20":12,"s:101:26:101:Infinity":39,"s:102:12:115:Infinity":40,"f:102:19:102:28":13,"b:103:16:103:Infinity:undefined:undefined:undefined:undefined":6,"s:103:16:103:Infinity":41,"s:103:36:103:Infinity":42,"b:104:16:104:Infinity:undefined:undefined:undefined:undefined":7,"s:104:16:104:Infinity":43,"b:104:20:104:38:104:38:104:80":8,"s:104:80:104:Infinity":44,"b:105:16:105:Infinity:undefined:undefined:undefined:undefined":9,"s:105:16:105:Infinity":45,"b:105:20:105:36:105:36:105:76":10,"s:105:76:105:Infinity":46,"s:107:38:107:Infinity":47,"s:108:36:108:Infinity":48,"s:110:16:110:Infinity":49,"s:111:16:111:Infinity":50,"s:112:16:112:Infinity":51,"s:114:16:114:Infinity":52,"s:116:12:116:Infinity":53,"f:120:22:120:23":14,"s:121:12:131:Infinity":54,"f:121:19:121:28":15,"b:122:16:122:Infinity:undefined:undefined:undefined:undefined":11,"s:122:16:122:Infinity":55,"s:122:36:122:Infinity":56,"s:123:30:123:Infinity":57,"b:124:16:124:Infinity:undefined:undefined:undefined:undefined":12,"s:124:16:124:Infinity":58,"b:124:20:124:37:124:37:124:64":13,"s:124:64:124:Infinity":59,"b:125:16:125:Infinity:undefined:undefined:undefined:undefined":14,"s:125:16:125:Infinity":60,"b:125:20:125:35:125:35:125:60":15,"s:125:60:125:Infinity":61,"s:127:35:127:Infinity":62,"s:128:16:128:Infinity":63,"s:130:16:130:Infinity":64,"f:135:21:135:22":16,"s:136:26:136:Infinity":65,"s:137:12:153:Infinity":66,"f:137:19:137:28":17,"b:138:16:151:Infinity:undefined:undefined:undefined:undefined":16,"s:138:16:151:Infinity":67,"s:139:20:139:Infinity":68,"b:140:20:150:Infinity:undefined:undefined:undefined:undefined":17,"s:140:20:150:Infinity":69,"s:142:24:149:Infinity":70,"s:152:16:152:Infinity":71,"s:154:12:154:Infinity":72,"f:158:22:158:23":18,"s:159:12:175:Infinity":73,"f:159:19:159:28":19,"b:160:16:160:Infinity:undefined:undefined:undefined:undefined":18,"s:160:16:160:Infinity":74,"s:160:36:160:Infinity":75,"s:163:38:163:Infinity":76,"f:163:63:163:68":20,"s:163:68:163:87":77,"b:164:16:172:Infinity:undefined:undefined:undefined:undefined":19,"s:164:16:172:Infinity":78,"s:165:20:168:Infinity":79,"b:169:20:171:Infinity:undefined:undefined:undefined:undefined":20,"s:169:20:171:Infinity":80,"b:169:24:169:51:169:51:169:80":21,"s:170:24:170:Infinity":81,"s:174:16:174:Infinity":82,"f:179:24:179:25":21,"s:180:28:180:Infinity":83,"s:181:12:194:Infinity":84,"f:181:19:181:28":22,"b:182:16:182:Infinity:undefined:undefined:undefined:undefined":22,"s:182:16:182:Infinity":85,"s:182:36:182:Infinity":86,"s:184:33:184:Infinity":87,"f:184:58:184:63":23,"s:184:63:184:82":88,"b:185:16:191:Infinity:undefined:undefined:undefined:undefined":23,"s:185:16:191:Infinity":89,"s:186:20:186:Infinity":90,"b:187:20:190:Infinity:undefined:undefined:undefined:undefined":24,"s:187:20:190:Infinity":91,"s:188:24:188:Infinity":92,"s:189:24:189:Infinity":93,"s:193:16:193:Infinity":94,"s:195:12:195:Infinity":95,"f:199:24:199:25":24,"s:200:25:200:Infinity":96,"s:201:12:217:Infinity":97,"f:201:19:201:28":25,"b:202:16:202:Infinity:undefined:undefined:undefined:undefined":25,"s:202:16:202:Infinity":98,"s:202:36:202:Infinity":99,"s:204:33:204:Infinity":100,"f:204:58:204:63":26,"s:204:63:204:82":101,"b:205:16:214:Infinity:undefined:undefined:undefined:undefined":26,"s:205:16:214:Infinity":102,"s:206:20:206:Infinity":103,"b:207:20:213:Infinity:undefined:undefined:undefined:undefined":27,"s:207:20:213:Infinity":104,"s:208:24:208:Infinity":105,"s:209:24:209:Infinity":106,"s:210:24:210:Infinity":107,"s:211:24:211:Infinity":108,"s:216:16:216:Infinity":109,"s:218:12:218:Infinity":110,"f:222:17:222:18":27,"b:222:53:222:65":28,"s:223:12:231:Infinity":111,"f:223:19:223:28":28,"s:224:33:224:Infinity":112,"f:224:60:224:65":29,"s:224:65:224:84":113,"b:225:16:229:Infinity:227:23:229:Infinity":29,"s:225:16:229:Infinity":114,"s:226:20:226:Infinity":115,"s:228:20:228:Infinity":116,"s:230:16:230:Infinity":117,"f:234:17:234:18":30,"s:235:26:235:Infinity":118,"s:236:12:247:Infinity":119,"f:236:19:236:28":31,"s:237:29:237:Infinity":120,"f:237:56:237:61":32,"s:237:61:237:80":121,"b:238:16:245:Infinity:undefined:undefined:undefined:undefined":30,"s:238:16:245:Infinity":122,"b:238:20:238:28:238:28:238:47":31,"s:239:20:239:Infinity":123,"s:240:20:240:Infinity":124,"b:242:20:244:Infinity:undefined:undefined:undefined:undefined":32,"s:242:20:244:Infinity":125,"s:243:24:243:Infinity":126,"f:243:77:243:82":33,"s:243:82:243:101":127,"s:246:16:246:Infinity":128,"s:248:12:248:Infinity":129,"f:251:22:251:23":34,"s:252:18:252:Infinity":130,"s:253:25:253:Infinity":131,"f:253:52:253:57":35,"s:253:57:253:76":132,"s:254:12:254:Infinity":133,"b:254:19:254:37:254:37:254:Infinity":33,"f:258:24:258:25":36,"s:259:12:277:Infinity":134,"f:259:19:259:28":37,"b:260:16:260:Infinity:undefined:undefined:undefined:undefined":34,"s:260:16:260:Infinity":135,"s:260:36:260:Infinity":136,"s:263:35:263:Infinity":137,"f:263:65:263:70":38,"s:263:70:263:90":138,"b:264:16:267:Infinity:undefined:undefined:undefined:undefined":35,"s:264:16:267:Infinity":139,"s:265:20:265:Infinity":140,"s:266:20:266:Infinity":141,"s:270:33:270:Infinity":142,"f:270:63:270:68":39,"s:270:68:270:88":143,"b:271:16:274:Infinity:undefined:undefined:undefined:undefined":36,"s:271:16:274:Infinity":144,"s:272:20:272:Infinity":145,"s:273:20:273:Infinity":146,"s:276:16:276:Infinity":147,"f:281:18:281:30":40,"s:282:12:292:Infinity":148,"f:282:19:282:28":41,"b:283:16:283:Infinity:undefined:undefined:undefined:undefined":37,"s:283:16:283:Infinity":149,"s:283:36:283:Infinity":150,"s:285:16:285:Infinity":151,"s:286:16:289:Infinity":152,"f:286:44:286:49":42,"s:287:20:287:Infinity":153,"s:288:20:288:Infinity":154,"s:291:16:291:Infinity":155,"f:296:15:296:27":43,"s:297:12:297:Infinity":156,"f:301:22:301:23":44,"s:302:12:302:Infinity":157,"s:307:28:307:Infinity":158}}}
}
